$ /home/christian/Development/rollup-third-party/node_modules/.bin/ava -st
TAP version 13
# JSONStream › Executing bundle for JSONStream should not throw
ok 1 - JSONStream › Executing bundle for JSONStream should not throw
# abab › Executing bundle for abab should not throw
ok 2 - abab › Executing bundle for abab should not throw
# abbrev › Executing bundle for abbrev should not throw
ok 3 - abbrev › Executing bundle for abbrev should not throw
# accepts › Executing bundle for accepts should not throw
ok 4 - accepts › Executing bundle for accepts should not throw
# acorn › Executing bundle for acorn should not throw
ok 5 - acorn › Executing bundle for acorn should not throw
# acornglobals › Executing bundle for acornglobals should not throw
ok 6 - acornglobals › Executing bundle for acornglobals should not throw
# acornjsx › Executing bundle for acornjsx should not throw
ok 7 - acornjsx › Executing bundle for acornjsx should not throw
# acornwalk › Executing bundle for acornwalk should not throw
ok 8 - acornwalk › Executing bundle for acornwalk should not throw
# after › Executing bundle for after should not throw
ok 9 - after › Executing bundle for after should not throw
# aggregateerror › Executing bundle for aggregateerror should not throw
ok 10 - aggregateerror › Executing bundle for aggregateerror should not throw
# ajv › Executing bundle for ajv should not throw
ok 11 - ajv › Executing bundle for ajv should not throw
# ajverrors › Executing bundle for ajverrors should not throw
ok 12 - ajverrors › Executing bundle for ajverrors should not throw
# ajvkeywords › Executing bundle for ajvkeywords should not throw
ok 13 - ajvkeywords › Executing bundle for ajvkeywords should not throw
# amdefine › Executing bundle for amdefine should not throw
ok 14 - amdefine › Executing bundle for amdefine should not throw
# ansialign › Executing bundle for ansialign should not throw
ok 15 - ansialign › Executing bundle for ansialign should not throw
# ansicolors › Executing bundle for ansicolors should not throw
ok 16 - ansicolors › Executing bundle for ansicolors should not throw
# ansiescapes › Executing bundle for ansiescapes should not throw
ok 17 - ansiescapes › Executing bundle for ansiescapes should not throw
# ansigray › Executing bundle for ansigray should not throw
ok 18 - ansigray › Executing bundle for ansigray should not throw
# ansihtml › Executing bundle for ansihtml should not throw
ok 19 - ansihtml › Executing bundle for ansihtml should not throw
# ansiregex › Executing bundle for ansiregex should not throw
ok 20 - ansiregex › Executing bundle for ansiregex should not throw
# ansistyles › Executing bundle for ansistyles should not throw
ok 21 - ansistyles › Executing bundle for ansistyles should not throw
# ansiwrap › Executing bundle for ansiwrap should not throw
ok 22 - ansiwrap › Executing bundle for ansiwrap should not throw
# anymatch › Executing bundle for anymatch should not throw
ok 23 - anymatch › Executing bundle for anymatch should not throw
# appendbuffer › Executing bundle for appendbuffer should not throw
ok 24 - appendbuffer › Executing bundle for appendbuffer should not throw
# aproba › Executing bundle for aproba should not throw
ok 25 - aproba › Executing bundle for aproba should not throw
# archy › Executing bundle for archy should not throw
ok 26 - archy › Executing bundle for archy should not throw
# arewethereyet › Executing bundle for arewethereyet should not throw
not ok 27 - arewethereyet › Executing bundle for arewethereyet should not throw
  * undefined
  ---
    name: AssertionError
    message: Test failed via `t.fail()`
    assertion: fail
    at: 'file://test/arewethereyet.js:10:14'
  ...
# argparse › Executing bundle for argparse should not throw
not ok 28 - argparse › Executing bundle for argparse should not throw
  * undefined
  ---
    name: AssertionError
    message: Test failed via `t.fail()`
    assertion: fail
    at: 'file://test/argparse.js:10:14'
  ...
# ariaquery › Executing bundle for ariaquery should not throw
ok 29 - ariaquery › Executing bundle for ariaquery should not throw
# arraybufferslice › Executing bundle for arraybufferslice should not throw
ok 30 - arraybufferslice › Executing bundle for arraybufferslice should not throw
# arraydiffer › Executing bundle for arraydiffer should not throw
ok 31 - arraydiffer › Executing bundle for arraydiffer should not throw
# arrayeach › Executing bundle for arrayeach should not throw
ok 32 - arrayeach › Executing bundle for arrayeach should not throw
# arrayfindindex › Executing bundle for arrayfindindex should not throw
ok 33 - arrayfindindex › Executing bundle for arrayfindindex should not throw
# arrayflatten › Executing bundle for arrayflatten should not throw
ok 34 - arrayflatten › Executing bundle for arrayflatten should not throw
# arrayincludes › Executing bundle for arrayincludes should not throw
ok 35 - arrayincludes › Executing bundle for arrayincludes should not throw
# arrayinitial › Executing bundle for arrayinitial should not throw
ok 36 - arrayinitial › Executing bundle for arrayinitial should not throw
# arraylast › Executing bundle for arraylast should not throw
ok 37 - arraylast › Executing bundle for arraylast should not throw
# arrayprototypeflat › Executing bundle for arrayprototypeflat should not throw
ok 38 - arrayprototypeflat › Executing bundle for arrayprototypeflat should not throw
# arrayprototypeflatmap › Executing bundle for arrayprototypeflatmap should not throw
ok 39 - arrayprototypeflatmap › Executing bundle for arrayprototypeflatmap should not throw
# arrayprototypemap › Executing bundle for arrayprototypemap should not throw
ok 40 - arrayprototypemap › Executing bundle for arrayprototypemap should not throw
# arrayslice › Executing bundle for arrayslice should not throw
ok 41 - arrayslice › Executing bundle for arrayslice should not throw
# arraysort › Executing bundle for arraysort should not throw
ok 42 - arraysort › Executing bundle for arraysort should not throw
# arrayunion › Executing bundle for arrayunion should not throw
ok 43 - arrayunion › Executing bundle for arrayunion should not throw
# arrayuniq › Executing bundle for arrayuniq should not throw
ok 44 - arrayuniq › Executing bundle for arrayuniq should not throw
# arrayunique › Executing bundle for arrayunique should not throw
ok 45 - arrayunique › Executing bundle for arrayunique should not throw
# arrdiff › Executing bundle for arrdiff should not throw
ok 46 - arrdiff › Executing bundle for arrdiff should not throw
# arrfilter › Executing bundle for arrfilter should not throw
ok 47 - arrfilter › Executing bundle for arrfilter should not throw
# arrflatten › Executing bundle for arrflatten should not throw
ok 48 - arrflatten › Executing bundle for arrflatten should not throw
# arrgv › Executing bundle for arrgv should not throw
ok 49 - arrgv › Executing bundle for arrgv should not throw
# arrify › Executing bundle for arrify should not throw
ok 50 - arrify › Executing bundle for arrify should not throw
# arrmap › Executing bundle for arrmap should not throw
ok 51 - arrmap › Executing bundle for arrmap should not throw
# arrunion › Executing bundle for arrunion should not throw
ok 52 - arrunion › Executing bundle for arrunion should not throw
# asn › Executing bundle for asn should not throw
ok 53 - asn › Executing bundle for asn should not throw
# asnjs › Executing bundle for asnjs should not throw
not ok 54 - asnjs › Executing bundle for asnjs should not throw
  * undefined
  ---
    name: AssertionError
    message: Test failed via `t.fail()`
    assertion: fail
    at: 'file://test/asnjs.js:10:14'
  ...
# assert › Executing bundle for assert should not throw
ok 55 - assert › Executing bundle for assert should not throw
# assertionerror › Executing bundle for assertionerror should not throw
ok 56 - assertionerror › Executing bundle for assertionerror should not throw
# assertplus › Executing bundle for assertplus should not throw
ok 57 - assertplus › Executing bundle for assertplus should not throw
# assignsymbols › Executing bundle for assignsymbols should not throw
ok 58 - assignsymbols › Executing bundle for assignsymbols should not throw
# astralregex › Executing bundle for astralregex should not throw
ok 59 - astralregex › Executing bundle for astralregex should not throw
# async › Executing bundle for async should not throw
ok 60 - async › Executing bundle for async should not throw
# asyncdone › Executing bundle for asyncdone should not throw
ok 61 - asyncdone › Executing bundle for asyncdone should not throw
# asynceach › Executing bundle for asynceach should not throw
ok 62 - asynceach › Executing bundle for asynceach should not throw
# asyncforeach › Executing bundle for asyncforeach should not throw
ok 63 - asyncforeach › Executing bundle for asyncforeach should not throw
# asynckit › Executing bundle for asynckit should not throw
ok 64 - asynckit › Executing bundle for asynckit should not throw
# asynclimiter › Executing bundle for asynclimiter should not throw
ok 65 - asynclimiter › Executing bundle for asynclimiter should not throw
# asyncsettle › Executing bundle for asyncsettle should not throw
ok 66 - asyncsettle › Executing bundle for asyncsettle should not throw
# atleastnode › Executing bundle for atleastnode should not throw
ok 67 - atleastnode › Executing bundle for atleastnode should not throw
# atob › Executing bundle for atob should not throw
ok 68 - atob › Executing bundle for atob should not throw
# autoprefixer › Executing bundle for autoprefixer should not throw
not ok 69 - autoprefixer › Executing bundle for autoprefixer should not throw
  * undefined
  ---
    name: AssertionError
    message: Test failed via `t.fail()`
    assertion: fail
    at: 'file://test/autoprefixer.js:10:14'
  ...
# ava › Executing bundle for ava should not throw
not ok 70 - ava › Executing bundle for ava should not throw
  * undefined
  ---
    name: AssertionError
    message: Test failed via `t.fail()`
    assertion: fail
    at: 'file://test/ava.js:10:14'
  ...
# awaitshell › Executing bundle for awaitshell should not throw
ok 71 - awaitshell › Executing bundle for awaitshell should not throw
# aws › Executing bundle for aws should not throw
ok 72 - aws › Executing bundle for aws should not throw
# awssdk › Executing bundle for awssdk should not throw
not ok 73 - awssdk › Executing bundle for awssdk should not throw
  * undefined
  ---
    name: AssertionError
    message: Test failed via `t.fail()`
    assertion: fail
    at: 'file://test/awssdk.js:10:14'
  ...
# awssign › Executing bundle for awssign should not throw
ok 74 - awssign › Executing bundle for awssign should not throw
# axecore › Executing bundle for axecore should not throw
ok 75 - axecore › Executing bundle for axecore should not throw
# axios › Executing bundle for axios should not throw
ok 76 - axios › Executing bundle for axios should not throw
# axobjectquery › Executing bundle for axobjectquery should not throw
ok 77 - axobjectquery › Executing bundle for axobjectquery should not throw
# babelcodeframe › Executing bundle for babelcodeframe should not throw
ok 78 - babelcodeframe › Executing bundle for babelcodeframe should not throw
# babelcore › Executing bundle for babelcore should not throw
not ok 79 - babelcore › Executing bundle for babelcore should not throw
  * undefined
  ---
    name: AssertionError
    message: Test failed via `t.fail()`
    assertion: fail
    at: 'file://test/babelcore.js:10:14'
  ...
# babeleslint › Executing bundle for babeleslint should not throw
not ok 80 - babeleslint › Executing bundle for babeleslint should not throw
  * undefined
  ---
    name: AssertionError
    message: Test failed via `t.fail()`
    assertion: fail
    at: 'file://test/babeleslint.js:10:14'
  ...
# babelgenerator › Executing bundle for babelgenerator should not throw
not ok 81 - babelgenerator › Executing bundle for babelgenerator should not throw
  * undefined
  ---
    name: AssertionError
    message: Test failed via `t.fail()`
    assertion: fail
    at: 'file://test/babelgenerator.js:10:14'
  ...
# babelhelpercalldelegate › Executing bundle for babelhelpercalldelegate should not throw
not ok 82 - babelhelpercalldelegate › Executing bundle for babelhelpercalldelegate should not throw
  * undefined
  ---
    name: AssertionError
    message: Test failed via `t.fail()`
    assertion: fail
    at: 'file://test/babelhelpercalldelegate.js:10:14'
  ...
# babelhelperdefinemap › Executing bundle for babelhelperdefinemap should not throw
not ok 83 - babelhelperdefinemap › Executing bundle for babelhelperdefinemap should not throw
  * undefined
  ---
    name: AssertionError
    message: Test failed via `t.fail()`
    assertion: fail
    at: 'file://test/babelhelperdefinemap.js:10:14'
  ...
# babelhelperfunctionname › Executing bundle for babelhelperfunctionname should not throw
not ok 84 - babelhelperfunctionname › Executing bundle for babelhelperfunctionname should not throw
  * undefined
  ---
    name: AssertionError
    message: Test failed via `t.fail()`
    assertion: fail
    at: 'file://test/babelhelperfunctionname.js:10:14'
  ...
# babelhelpergetfunctionarity › Executing bundle for babelhelpergetfunctionarity should not throw
not ok 85 - babelhelpergetfunctionarity › Executing bundle for babelhelpergetfunctionarity should not throw
  * undefined
  ---
    name: AssertionError
    message: Test failed via `t.fail()`
    assertion: fail
    at: 'file://test/babelhelpergetfunctionarity.js:10:14'
  ...
# babelhelperhoistvariables › Executing bundle for babelhelperhoistvariables should not throw
not ok 86 - babelhelperhoistvariables › Executing bundle for babelhelperhoistvariables should not throw
  * undefined
  ---
    name: AssertionError
    message: Test failed via `t.fail()`
    assertion: fail
    at: 'file://test/babelhelperhoistvariables.js:10:14'
  ...
# babelhelperoptimisecallexpression › Executing bundle for babelhelperoptimisecallexpression should not throw
not ok 87 - babelhelperoptimisecallexpression › Executing bundle for babelhelperoptimisecallexpression should not throw
  * undefined
  ---
    name: AssertionError
    message: Test failed via `t.fail()`
    assertion: fail
    at: 'file://test/babelhelperoptimisecallexpression.js:10:14'
  ...
# babelhelperregex › Executing bundle for babelhelperregex should not throw
not ok 88 - babelhelperregex › Executing bundle for babelhelperregex should not throw
  * undefined
  ---
    name: AssertionError
    message: Test failed via `t.fail()`
    assertion: fail
    at: 'file://test/babelhelperregex.js:10:14'
  ...
# babelhelperreplacesupers › Executing bundle for babelhelperreplacesupers should not throw
not ok 89 - babelhelperreplacesupers › Executing bundle for babelhelperreplacesupers should not throw
  * undefined
  ---
    name: AssertionError
    message: Test failed via `t.fail()`
    assertion: fail
    at: 'file://test/babelhelperreplacesupers.js:10:14'
  ...
# babelhelpers › Executing bundle for babelhelpers should not throw
not ok 90 - babelhelpers › Executing bundle for babelhelpers should not throw
  * undefined
  ---
    name: AssertionError
    message: Test failed via `t.fail()`
    assertion: fail
    at: 'file://test/babelhelpers.js:10:14'
  ...
# babeljest › Executing bundle for babeljest should not throw
not ok 91 - babeljest › Executing bundle for babeljest should not throw
  * undefined
  ---
    name: AssertionError
    message: Test failed via `t.fail()`
    assertion: fail
    at: 'file://test/babeljest.js:10:14'
  ...
# babelloader › Executing bundle for babelloader should not throw
ok 92 - babelloader › Executing bundle for babelloader should not throw
# babelmessages › Executing bundle for babelmessages should not throw
ok 93 - babelmessages › Executing bundle for babelmessages should not throw
# babelplugincheckesconstants › Executing bundle for babelplugincheckesconstants should not throw
ok 94 - babelplugincheckesconstants › Executing bundle for babelplugincheckesconstants should not throw
# babelplugindynamicimportnode › Executing bundle for babelplugindynamicimportnode should not throw
ok 95 - babelplugindynamicimportnode › Executing bundle for babelplugindynamicimportnode should not throw
# babelpluginistanbul › Executing bundle for babelpluginistanbul should not throw
ok 96 - babelpluginistanbul › Executing bundle for babelpluginistanbul should not throw
# babelpluginjesthoist › Executing bundle for babelpluginjesthoist should not throw
ok 97 - babelpluginjesthoist › Executing bundle for babelpluginjesthoist should not throw
# babelpluginstyledcomponents › Executing bundle for babelpluginstyledcomponents should not throw
ok 98 - babelpluginstyledcomponents › Executing bundle for babelpluginstyledcomponents should not throw
# babelpluginsyntaxjsx › Executing bundle for babelpluginsyntaxjsx should not throw
ok 99 - babelpluginsyntaxjsx › Executing bundle for babelpluginsyntaxjsx should not throw
# babelplugintransformesarrowfunctions › Executing bundle for babelplugintransformesarrowfunctions should not throw
ok 100 - babelplugintransformesarrowfunctions › Executing bundle for babelplugintransformesarrowfunctions should not throw
# babelplugintransformesblockscopedfunctions › Executing bundle for babelplugintransformesblockscopedfunctions should not throw
ok 101 - babelplugintransformesblockscopedfunctions › Executing bundle for babelplugintransformesblockscopedfunctions should not throw
# babelplugintransformesblockscoping › Executing bundle for babelplugintransformesblockscoping should not throw
not ok 102 - babelplugintransformesblockscoping › Executing bundle for babelplugintransformesblockscoping should not throw
  * undefined
  ---
    name: AssertionError
    message: Test failed via `t.fail()`
    assertion: fail
    at: 'file://test/babelplugintransformesblockscoping.js:10:14'
  ...
# babelplugintransformesclasses › Executing bundle for babelplugintransformesclasses should not throw
not ok 103 - babelplugintransformesclasses › Executing bundle for babelplugintransformesclasses should not throw
  * undefined
  ---
    name: AssertionError
    message: Test failed via `t.fail()`
    assertion: fail
    at: 'file://test/babelplugintransformesclasses.js:10:14'
  ...
# babelplugintransformescomputedproperties › Executing bundle for babelplugintransformescomputedproperties should not throw
ok 104 - babelplugintransformescomputedproperties › Executing bundle for babelplugintransformescomputedproperties should not throw
# babelplugintransformesdestructuring › Executing bundle for babelplugintransformesdestructuring should not throw
ok 105 - babelplugintransformesdestructuring › Executing bundle for babelplugintransformesdestructuring should not throw
# babelplugintransformesduplicatekeys › Executing bundle for babelplugintransformesduplicatekeys should not throw
not ok 106 - babelplugintransformesduplicatekeys › Executing bundle for babelplugintransformesduplicatekeys should not throw
  * undefined
  ---
    name: AssertionError
    message: Test failed via `t.fail()`
    assertion: fail
    at: 'file://test/babelplugintransformesduplicatekeys.js:10:14'
  ...
# babelplugintransformesforof › Executing bundle for babelplugintransformesforof should not throw
ok 107 - babelplugintransformesforof › Executing bundle for babelplugintransformesforof should not throw
# babelplugintransformesfunctionname › Executing bundle for babelplugintransformesfunctionname should not throw
not ok 108 - babelplugintransformesfunctionname › Executing bundle for babelplugintransformesfunctionname should not throw
  * undefined
  ---
    name: AssertionError
    message: Test failed via `t.fail()`
    assertion: fail
    at: 'file://test/babelplugintransformesfunctionname.js:10:14'
  ...
# babelplugintransformesliterals › Executing bundle for babelplugintransformesliterals should not throw
ok 109 - babelplugintransformesliterals › Executing bundle for babelplugintransformesliterals should not throw
# babelplugintransformesmodulesamd › Executing bundle for babelplugintransformesmodulesamd should not throw
not ok 110 - babelplugintransformesmodulesamd › Executing bundle for babelplugintransformesmodulesamd should not throw
  * undefined
  ---
    name: AssertionError
    message: Test failed via `t.fail()`
    assertion: fail
    at: 'file://test/babelplugintransformesmodulesamd.js:10:14'
  ...
# babelplugintransformesmodulescommonjs › Executing bundle for babelplugintransformesmodulescommonjs should not throw
not ok 111 - babelplugintransformesmodulescommonjs › Executing bundle for babelplugintransformesmodulescommonjs should not throw
  * undefined
  ---
    name: AssertionError
    message: Test failed via `t.fail()`
    assertion: fail
    at: 'file://test/babelplugintransformesmodulescommonjs.js:10:14'
  ...
# babelplugintransformesmodulessystemjs › Executing bundle for babelplugintransformesmodulessystemjs should not throw
not ok 112 - babelplugintransformesmodulessystemjs › Executing bundle for babelplugintransformesmodulessystemjs should not throw
  * undefined
  ---
    name: AssertionError
    message: Test failed via `t.fail()`
    assertion: fail
    at: 'file://test/babelplugintransformesmodulessystemjs.js:10:14'
  ...
# babelplugintransformesmodulesumd › Executing bundle for babelplugintransformesmodulesumd should not throw
not ok 113 - babelplugintransformesmodulesumd › Executing bundle for babelplugintransformesmodulesumd should not throw
  * undefined
  ---
    name: AssertionError
    message: Test failed via `t.fail()`
    assertion: fail
    at: 'file://test/babelplugintransformesmodulesumd.js:10:14'
  ...
# babelplugintransformesobjectsuper › Executing bundle for babelplugintransformesobjectsuper should not throw
not ok 114 - babelplugintransformesobjectsuper › Executing bundle for babelplugintransformesobjectsuper should not throw
  * undefined
  ---
    name: AssertionError
    message: Test failed via `t.fail()`
    assertion: fail
    at: 'file://test/babelplugintransformesobjectsuper.js:10:14'
  ...
# babelplugintransformesparameters › Executing bundle for babelplugintransformesparameters should not throw
not ok 115 - babelplugintransformesparameters › Executing bundle for babelplugintransformesparameters should not throw
  * undefined
  ---
    name: AssertionError
    message: Test failed via `t.fail()`
    assertion: fail
    at: 'file://test/babelplugintransformesparameters.js:10:14'
  ...
# babelplugintransformesshorthandproperties › Executing bundle for babelplugintransformesshorthandproperties should not throw
not ok 116 - babelplugintransformesshorthandproperties › Executing bundle for babelplugintransformesshorthandproperties should not throw
  * undefined
  ---
    name: AssertionError
    message: Test failed via `t.fail()`
    assertion: fail
    at: 'file://test/babelplugintransformesshorthandproperties.js:10:14'
  ...
# babelplugintransformesspread › Executing bundle for babelplugintransformesspread should not throw
ok 117 - babelplugintransformesspread › Executing bundle for babelplugintransformesspread should not throw
# babelplugintransformesstickyregex › Executing bundle for babelplugintransformesstickyregex should not throw
not ok 118 - babelplugintransformesstickyregex › Executing bundle for babelplugintransformesstickyregex should not throw
  * undefined
  ---
    name: AssertionError
    message: Test failed via `t.fail()`
    assertion: fail
    at: 'file://test/babelplugintransformesstickyregex.js:10:14'
  ...
# babelplugintransformestemplateliterals › Executing bundle for babelplugintransformestemplateliterals should not throw
ok 119 - babelplugintransformestemplateliterals › Executing bundle for babelplugintransformestemplateliterals should not throw
# babelplugintransformestypeofsymbol › Executing bundle for babelplugintransformestypeofsymbol should not throw
ok 120 - babelplugintransformestypeofsymbol › Executing bundle for babelplugintransformestypeofsymbol should not throw
# babelplugintransformesunicoderegex › Executing bundle for babelplugintransformesunicoderegex should not throw
not ok 121 - babelplugintransformesunicoderegex › Executing bundle for babelplugintransformesunicoderegex should not throw
  * undefined
  ---
    name: AssertionError
    message: Test failed via `t.fail()`
    assertion: fail
    at: 'file://test/babelplugintransformesunicoderegex.js:10:14'
  ...
# babelplugintransformregenerator › Executing bundle for babelplugintransformregenerator should not throw
not ok 122 - babelplugintransformregenerator › Executing bundle for babelplugintransformregenerator should not throw
  * undefined
  ---
    name: AssertionError
    message: Test failed via `t.fail()`
    assertion: fail
    at: 'file://test/babelplugintransformregenerator.js:10:14'
  ...
# babelplugintransformstrictmode › Executing bundle for babelplugintransformstrictmode should not throw
not ok 123 - babelplugintransformstrictmode › Executing bundle for babelplugintransformstrictmode should not throw
  * undefined
  ---
    name: AssertionError
    message: Test failed via `t.fail()`
    assertion: fail
    at: 'file://test/babelplugintransformstrictmode.js:10:14'
  ...
# babelpolyfill › Executing bundle for babelpolyfill should not throw
ok 124 - babelpolyfill › Executing bundle for babelpolyfill should not throw
# babelpresetcurrentnodesyntax › Executing bundle for babelpresetcurrentnodesyntax should not throw
not ok 125 - babelpresetcurrentnodesyntax › Executing bundle for babelpresetcurrentnodesyntax should not throw
  * undefined
  ---
    name: AssertionError
    message: Test failed via `t.fail()`
    assertion: fail
    at: 'file://test/babelpresetcurrentnodesyntax.js:10:14'
  ...
# babelpresetes › Executing bundle for babelpresetes should not throw
not ok 126 - babelpresetes › Executing bundle for babelpresetes should not throw
  * undefined
  ---
    name: AssertionError
    message: Test failed via `t.fail()`
    assertion: fail
    at: 'file://test/babelpresetes.js:10:14'
  ...
# babelpresetjest › Executing bundle for babelpresetjest should not throw
not ok 127 - babelpresetjest › Executing bundle for babelpresetjest should not throw
  * undefined
  ---
    name: AssertionError
    message: Test failed via `t.fail()`
    assertion: fail
    at: 'file://test/babelpresetjest.js:10:14'
  ...
# babelregister › Executing bundle for babelregister should not throw
not ok 128 - babelregister › Executing bundle for babelregister should not throw
  * undefined
  ---
    name: AssertionError
    message: Test failed via `t.fail()`
    assertion: fail
    at: 'file://test/babelregister.js:10:14'
  ...
# babeltemplate › Executing bundle for babeltemplate should not throw
not ok 129 - babeltemplate › Executing bundle for babeltemplate should not throw
  * undefined
  ---
    name: AssertionError
    message: Test failed via `t.fail()`
    assertion: fail
    at: 'file://test/babeltemplate.js:10:14'
  ...
# babeltraverse › Executing bundle for babeltraverse should not throw
not ok 130 - babeltraverse › Executing bundle for babeltraverse should not throw
  * undefined
  ---
    name: AssertionError
    message: Test failed via `t.fail()`
    assertion: fail
    at: 'file://test/babeltraverse.js:10:14'
  ...
# babeltypes › Executing bundle for babeltypes should not throw
not ok 131 - babeltypes › Executing bundle for babeltypes should not throw
  * undefined
  ---
    name: AssertionError
    message: Test failed via `t.fail()`
    assertion: fail
    at: 'file://test/babeltypes.js:10:14'
  ...
# babylon › Executing bundle for babylon should not throw
ok 132 - babylon › Executing bundle for babylon should not throw
# bach › Executing bundle for bach should not throw
ok 133 - bach › Executing bundle for bach should not throw
# backo › Executing bundle for backo should not throw
ok 134 - backo › Executing bundle for backo should not throw
# balancedmatch › Executing bundle for balancedmatch should not throw
ok 135 - balancedmatch › Executing bundle for balancedmatch should not throw
# base › Executing bundle for base should not throw
ok 136 - base › Executing bundle for base should not throw
# basearraybuffer › Executing bundle for basearraybuffer should not throw
ok 137 - basearraybuffer › Executing bundle for basearraybuffer should not throw
# baseid › Executing bundle for baseid should not throw
ok 138 - baseid › Executing bundle for baseid should not throw
# basejs › Executing bundle for basejs should not throw
ok 139 - basejs › Executing bundle for basejs should not throw
# basicauth › Executing bundle for basicauth should not throw
ok 140 - basicauth › Executing bundle for basicauth should not throw
# batch › Executing bundle for batch should not throw
not ok 141 - batch › Executing bundle for batch should not throw
  * undefined
  ---
    name: AssertionError
    message: Test failed via `t.fail()`
    assertion: fail
    at: 'file://test/batch.js:10:14'
  ...
# bcryptpbkdf › Executing bundle for bcryptpbkdf should not throw
ok 142 - bcryptpbkdf › Executing bundle for bcryptpbkdf should not throw
# beeper › Executing bundle for beeper should not throw
ok 143 - beeper › Executing bundle for beeper should not throw
# betterassert › Executing bundle for betterassert should not throw
ok 144 - betterassert › Executing bundle for betterassert should not throw
# bigjs › Executing bundle for bigjs should not throw
ok 145 - bigjs › Executing bundle for bigjs should not throw
# binaryextensions › Executing bundle for binaryextensions should not throw
ok 146 - binaryextensions › Executing bundle for binaryextensions should not throw
# bl › Executing bundle for bl should not throw
not ok 147 - bl › Executing bundle for bl should not throw
  * undefined
  ---
    name: AssertionError
    message: Test failed via `t.fail()`
    assertion: fail
    at: 'file://test/bl.js:10:14'
  ...
# blob › Executing bundle for blob should not throw
ok 148 - blob › Executing bundle for blob should not throw
# blockstream › Executing bundle for blockstream should not throw
ok 149 - blockstream › Executing bundle for blockstream should not throw
# bluebird › Executing bundle for bluebird should not throw
ok 150 - bluebird › Executing bundle for bluebird should not throw
# blueimpmd › Executing bundle for blueimpmd should not throw
ok 151 - blueimpmd › Executing bundle for blueimpmd should not throw
# bnjs › Executing bundle for bnjs should not throw
ok 152 - bnjs › Executing bundle for bnjs should not throw
# bodyparser › Executing bundle for bodyparser should not throw
ok 153 - bodyparser › Executing bundle for bodyparser should not throw
# bonjour › Executing bundle for bonjour should not throw
ok 154 - bonjour › Executing bundle for bonjour should not throw
# boolbase › Executing bundle for boolbase should not throw
ok 155 - boolbase › Executing bundle for boolbase should not throw
# bootstrap › Executing bundle for bootstrap should not throw
not ok 156 - bootstrap › Executing bundle for bootstrap should not throw
  * undefined
  ---
    name: AssertionError
    message: Test failed via `t.fail()`
    assertion: fail
    at: 'file://test/bootstrap.js:10:14'
  ...
# boxen › Executing bundle for boxen should not throw
ok 157 - boxen › Executing bundle for boxen should not throw
# braceexpansion › Executing bundle for braceexpansion should not throw
ok 158 - braceexpansion › Executing bundle for braceexpansion should not throw
# braces › Executing bundle for braces should not throw
ok 159 - braces › Executing bundle for braces should not throw
# brorand › Executing bundle for brorand should not throw
ok 160 - brorand › Executing bundle for brorand should not throw
# browserifyaes › Executing bundle for browserifyaes should not throw
ok 161 - browserifyaes › Executing bundle for browserifyaes should not throw
# browserifycipher › Executing bundle for browserifycipher should not throw
ok 162 - browserifycipher › Executing bundle for browserifycipher should not throw
# browserifydes › Executing bundle for browserifydes should not throw
ok 163 - browserifydes › Executing bundle for browserifydes should not throw
# browserifyrsa › Executing bundle for browserifyrsa should not throw
ok 164 - browserifyrsa › Executing bundle for browserifyrsa should not throw
# browserifysign › Executing bundle for browserifysign should not throw
ok 165 - browserifysign › Executing bundle for browserifysign should not throw
# browserifyzlib › Executing bundle for browserifyzlib should not throw
ok 166 - browserifyzlib › Executing bundle for browserifyzlib should not throw
# browserprocesshrtime › Executing bundle for browserprocesshrtime should not throw
ok 167 - browserprocesshrtime › Executing bundle for browserprocesshrtime should not throw
# browserslist › Executing bundle for browserslist should not throw
ok 168 - browserslist › Executing bundle for browserslist should not throw
# browserstdout › Executing bundle for browserstdout should not throw
ok 169 - browserstdout › Executing bundle for browserstdout should not throw
# bser › Executing bundle for bser should not throw
ok 170 - bser › Executing bundle for bser should not throw
# bson › Executing bundle for bson should not throw
ok 171 - bson › Executing bundle for bson should not throw
# buffer › Executing bundle for buffer should not throw
ok 172 - buffer › Executing bundle for buffer should not throw
# bufferequal › Executing bundle for bufferequal should not throw
ok 173 - bufferequal › Executing bundle for bufferequal should not throw
# bufferequalconstanttime › Executing bundle for bufferequalconstanttime should not throw
ok 174 - bufferequalconstanttime › Executing bundle for bufferequalconstanttime should not throw
# bufferfrom › Executing bundle for bufferfrom should not throw
ok 175 - bufferfrom › Executing bundle for bufferfrom should not throw
# bufferindexof › Executing bundle for bufferindexof should not throw
ok 176 - bufferindexof › Executing bundle for bufferindexof should not throw
# bufferxor › Executing bundle for bufferxor should not throw
ok 177 - bufferxor › Executing bundle for bufferxor should not throw
# builtinmodules › Executing bundle for builtinmodules should not throw
ok 178 - builtinmodules › Executing bundle for builtinmodules should not throw
# builtinstatuscodes › Executing bundle for builtinstatuscodes should not throw
ok 179 - builtinstatuscodes › Executing bundle for builtinstatuscodes should not throw
# bytes › Executing bundle for bytes should not throw
ok 180 - bytes › Executing bundle for bytes should not throw
# cacache › Executing bundle for cacache should not throw
not ok 181 - cacache › Executing bundle for cacache should not throw
  * undefined
  ---
    name: AssertionError
    message: Test failed via `t.fail()`
    assertion: fail
    at: 'file://test/cacache.js:10:14'
  ...
# cacheablerequest › Executing bundle for cacheablerequest should not throw
ok 182 - cacheablerequest › Executing bundle for cacheablerequest should not throw
# cachebase › Executing bundle for cachebase should not throw
ok 183 - cachebase › Executing bundle for cachebase should not throw
# callercallsite › Executing bundle for callercallsite should not throw
ok 184 - callercallsite › Executing bundle for callercallsite should not throw
# callerpath › Executing bundle for callerpath should not throw
ok 185 - callerpath › Executing bundle for callerpath should not throw
# callmemaybe › Executing bundle for callmemaybe should not throw
ok 186 - callmemaybe › Executing bundle for callmemaybe should not throw
# callsite › Executing bundle for callsite should not throw
ok 187 - callsite › Executing bundle for callsite should not throw
# callsites › Executing bundle for callsites should not throw
ok 188 - callsites › Executing bundle for callsites should not throw
# camelcase › Executing bundle for camelcase should not throw
ok 189 - camelcase › Executing bundle for camelcase should not throw
# camelcasekeys › Executing bundle for camelcasekeys should not throw
ok 190 - camelcasekeys › Executing bundle for camelcasekeys should not throw
# camelize › Executing bundle for camelize should not throw
ok 191 - camelize › Executing bundle for camelize should not throw
# caniuselite › Executing bundle for caniuselite should not throw
ok 192 - caniuselite › Executing bundle for caniuselite should not throw
# captureexit › Executing bundle for captureexit should not throw
ok 193 - captureexit › Executing bundle for captureexit should not throw
# capturestacktrace › Executing bundle for capturestacktrace should not throw
ok 194 - capturestacktrace › Executing bundle for capturestacktrace should not throw
# caseless › Executing bundle for caseless should not throw
ok 195 - caseless › Executing bundle for caseless should not throw
# chai › Executing bundle for chai should not throw
ok 196 - chai › Executing bundle for chai should not throw
# chalk › Executing bundle for chalk should not throw
ok 197 - chalk › Executing bundle for chalk should not throw
# chardet › Executing bundle for chardet should not throw
ok 198 - chardet › Executing bundle for chardet should not throw
# charregex › Executing bundle for charregex should not throw
ok 199 - charregex › Executing bundle for charregex should not throw
# checkerror › Executing bundle for checkerror should not throw
ok 200 - checkerror › Executing bundle for checkerror should not throw
# cheerio › Executing bundle for cheerio should not throw
not ok 201 - cheerio › Executing bundle for cheerio should not throw
  * undefined
  ---
    name: AssertionError
    message: Test failed via `t.fail()`
    assertion: fail
    at: 'file://test/cheerio.js:10:14'
  ...
# chokidar › Executing bundle for chokidar should not throw
not ok 202 - chokidar › Executing bundle for chokidar should not throw
  * undefined
  ---
    name: AssertionError
    message: Test failed via `t.fail()`
    assertion: fail
    at: 'file://test/chokidar.js:10:14'
  ...
# chownr › Executing bundle for chownr should not throw
ok 203 - chownr › Executing bundle for chownr should not throw
# chrometraceevent › Executing bundle for chrometraceevent should not throw
ok 204 - chrometraceevent › Executing bundle for chrometraceevent should not throw
# chunkd › Executing bundle for chunkd should not throw
ok 205 - chunkd › Executing bundle for chunkd should not throw
# ciinfo › Executing bundle for ciinfo should not throw
ok 206 - ciinfo › Executing bundle for ciinfo should not throw
# ciparallelvars › Executing bundle for ciparallelvars should not throw
ok 207 - ciparallelvars › Executing bundle for ciparallelvars should not throw
# cipherbase › Executing bundle for cipherbase should not throw
ok 208 - cipherbase › Executing bundle for cipherbase should not throw
# classnames › Executing bundle for classnames should not throw
ok 209 - classnames › Executing bundle for classnames should not throw
# classutils › Executing bundle for classutils should not throw
ok 210 - classutils › Executing bundle for classutils should not throw
# cleancss › Executing bundle for cleancss should not throw
ok 211 - cleancss › Executing bundle for cleancss should not throw
# cleanstack › Executing bundle for cleanstack should not throw
ok 212 - cleanstack › Executing bundle for cleanstack should not throw
# cleanyamlobject › Executing bundle for cleanyamlobject should not throw
ok 213 - cleanyamlobject › Executing bundle for cleanyamlobject should not throw
# cliboxes › Executing bundle for cliboxes should not throw
ok 214 - cliboxes › Executing bundle for cliboxes should not throw
# clicursor › Executing bundle for clicursor should not throw
ok 215 - clicursor › Executing bundle for clicursor should not throw
# clispinners › Executing bundle for clispinners should not throw
ok 216 - clispinners › Executing bundle for clispinners should not throw
# clitable › Executing bundle for clitable should not throw
ok 217 - clitable › Executing bundle for clitable should not throw
# clitruncate › Executing bundle for clitruncate should not throw
ok 218 - clitruncate › Executing bundle for clitruncate should not throw
# cliui › Executing bundle for cliui should not throw
ok 219 - cliui › Executing bundle for cliui should not throw
# cliwidth › Executing bundle for cliwidth should not throw
ok 220 - cliwidth › Executing bundle for cliwidth should not throw
# clone › Executing bundle for clone should not throw
ok 221 - clone › Executing bundle for clone should not throw
# cloneablereadable › Executing bundle for cloneablereadable should not throw
not ok 222 - cloneablereadable › Executing bundle for cloneablereadable should not throw
  * undefined
  ---
    name: AssertionError
    message: Test failed via `t.fail()`
    assertion: fail
    at: 'file://test/cloneablereadable.js:10:14'
  ...
# clonebuffer › Executing bundle for clonebuffer should not throw
ok 223 - clonebuffer › Executing bundle for clonebuffer should not throw
# clonedeep › Executing bundle for clonedeep should not throw
ok 224 - clonedeep › Executing bundle for clonedeep should not throw
# cloneresponse › Executing bundle for cloneresponse should not throw
ok 225 - cloneresponse › Executing bundle for cloneresponse should not throw
# clonestats › Executing bundle for clonestats should not throw
ok 226 - clonestats › Executing bundle for clonestats should not throw
# co › Executing bundle for co should not throw
ok 227 - co › Executing bundle for co should not throw
# codeexcerpt › Executing bundle for codeexcerpt should not throw
ok 228 - codeexcerpt › Executing bundle for codeexcerpt should not throw
# codepointat › Executing bundle for codepointat should not throw
ok 229 - codepointat › Executing bundle for codepointat should not throw
# collectionmap › Executing bundle for collectionmap should not throw
ok 230 - collectionmap › Executing bundle for collectionmap should not throw
# collectionvisit › Executing bundle for collectionvisit should not throw
ok 231 - collectionvisit › Executing bundle for collectionvisit should not throw
# collectvcoverage › Executing bundle for collectvcoverage should not throw
ok 232 - collectvcoverage › Executing bundle for collectvcoverage should not throw
# color › Executing bundle for color should not throw
ok 233 - color › Executing bundle for color should not throw
# colorconvert › Executing bundle for colorconvert should not throw
ok 234 - colorconvert › Executing bundle for colorconvert should not throw
# colorette › Executing bundle for colorette should not throw
ok 235 - colorette › Executing bundle for colorette should not throw
# colorname › Executing bundle for colorname should not throw
ok 236 - colorname › Executing bundle for colorname should not throw
# colors › Executing bundle for colors should not throw
ok 237 - colors › Executing bundle for colors should not throw
# colorspace › Executing bundle for colorspace should not throw
ok 238 - colorspace › Executing bundle for colorspace should not throw
# colorstring › Executing bundle for colorstring should not throw
ok 239 - colorstring › Executing bundle for colorstring should not throw
# colorsupport › Executing bundle for colorsupport should not throw
ok 240 - colorsupport › Executing bundle for colorsupport should not throw
# combinedstream › Executing bundle for combinedstream should not throw
ok 241 - combinedstream › Executing bundle for combinedstream should not throw
# commander › Executing bundle for commander should not throw
ok 242 - commander › Executing bundle for commander should not throw
# commentparser › Executing bundle for commentparser should not throw
ok 243 - commentparser › Executing bundle for commentparser should not throw
# commondir › Executing bundle for commondir should not throw
ok 244 - commondir › Executing bundle for commondir should not throw
# commonpathprefix › Executing bundle for commonpathprefix should not throw
ok 245 - commonpathprefix › Executing bundle for commonpathprefix should not throw
# componentbind › Executing bundle for componentbind should not throw
ok 246 - componentbind › Executing bundle for componentbind should not throw
# componentemitter › Executing bundle for componentemitter should not throw
ok 247 - componentemitter › Executing bundle for componentemitter should not throw
# componentinherit › Executing bundle for componentinherit should not throw
ok 248 - componentinherit › Executing bundle for componentinherit should not throw
# compressible › Executing bundle for compressible should not throw
ok 249 - compressible › Executing bundle for compressible should not throw
# compression › Executing bundle for compression should not throw
ok 250 - compression › Executing bundle for compression should not throw
# concatmap › Executing bundle for concatmap should not throw
ok 251 - concatmap › Executing bundle for concatmap should not throw
# concatstream › Executing bundle for concatstream should not throw
not ok 252 - concatstream › Executing bundle for concatstream should not throw
  * undefined
  ---
    name: AssertionError
    message: Test failed via `t.fail()`
    assertion: fail
    at: 'file://test/concatstream.js:10:14'
  ...
# concordance › Executing bundle for concordance should not throw
ok 253 - concordance › Executing bundle for concordance should not throw
# configstore › Executing bundle for configstore should not throw
ok 254 - configstore › Executing bundle for configstore should not throw
# connecthistoryapifallback › Executing bundle for connecthistoryapifallback should not throw
ok 255 - connecthistoryapifallback › Executing bundle for connecthistoryapifallback should not throw
# consolebrowserify › Executing bundle for consolebrowserify should not throw
ok 256 - consolebrowserify › Executing bundle for consolebrowserify should not throw
# consolecontrolstrings › Executing bundle for consolecontrolstrings should not throw
ok 257 - consolecontrolstrings › Executing bundle for consolecontrolstrings should not throw
# constantsbrowserify › Executing bundle for constantsbrowserify should not throw
ok 258 - constantsbrowserify › Executing bundle for constantsbrowserify should not throw
# containspath › Executing bundle for containspath should not throw
ok 259 - containspath › Executing bundle for containspath should not throw
# contentdisposition › Executing bundle for contentdisposition should not throw
ok 260 - contentdisposition › Executing bundle for contentdisposition should not throw
# contenttype › Executing bundle for contenttype should not throw
ok 261 - contenttype › Executing bundle for contenttype should not throw
# convertsourcemap › Executing bundle for convertsourcemap should not throw
ok 262 - convertsourcemap › Executing bundle for convertsourcemap should not throw
# converttospaces › Executing bundle for converttospaces should not throw
ok 263 - converttospaces › Executing bundle for converttospaces should not throw
# cookie › Executing bundle for cookie should not throw
ok 264 - cookie › Executing bundle for cookie should not throw
# cookiejar › Executing bundle for cookiejar should not throw
ok 265 - cookiejar › Executing bundle for cookiejar should not throw
# cookiesignature › Executing bundle for cookiesignature should not throw
ok 266 - cookiesignature › Executing bundle for cookiesignature should not throw
# copyconcurrently › Executing bundle for copyconcurrently should not throw
not ok 267 - copyconcurrently › Executing bundle for copyconcurrently should not throw
  * undefined
  ---
    name: AssertionError
    message: Test failed via `t.fail()`
    assertion: fail
    at: 'file://test/copyconcurrently.js:10:14'
  ...
# copydescriptor › Executing bundle for copydescriptor should not throw
ok 268 - copydescriptor › Executing bundle for copydescriptor should not throw
# copyprops › Executing bundle for copyprops should not throw
ok 269 - copyprops › Executing bundle for copyprops should not throw
# corejs › Executing bundle for corejs should not throw
ok 270 - corejs › Executing bundle for corejs should not throw
# corejscompat › Executing bundle for corejscompat should not throw
ok 271 - corejscompat › Executing bundle for corejscompat should not throw
# corejspure › Executing bundle for corejspure should not throw
ok 272 - corejspure › Executing bundle for corejspure should not throw
# coreutilis › Executing bundle for coreutilis should not throw
ok 273 - coreutilis › Executing bundle for coreutilis should not throw
# cors › Executing bundle for cors should not throw
ok 274 - cors › Executing bundle for cors should not throw
# cosmiconfig › Executing bundle for cosmiconfig should not throw
ok 275 - cosmiconfig › Executing bundle for cosmiconfig should not throw
# createecdh › Executing bundle for createecdh should not throw
ok 276 - createecdh › Executing bundle for createecdh should not throw
# createerrorclass › Executing bundle for createerrorclass should not throw
ok 277 - createerrorclass › Executing bundle for createerrorclass should not throw
# createhash › Executing bundle for createhash should not throw
ok 278 - createhash › Executing bundle for createhash should not throw
# createhmac › Executing bundle for createhmac should not throw
ok 279 - createhmac › Executing bundle for createhmac should not throw
# crossspawn › Executing bundle for crossspawn should not throw
ok 280 - crossspawn › Executing bundle for crossspawn should not throw
# cryptobrowserify › Executing bundle for cryptobrowserify should not throw
not ok 281 - cryptobrowserify › Executing bundle for cryptobrowserify should not throw
  * undefined
  ---
    name: AssertionError
    message: Test failed via `t.fail()`
    assertion: fail
    at: 'file://test/cryptobrowserify.js:10:14'
  ...
# cryptorandomstring › Executing bundle for cryptorandomstring should not throw
ok 282 - cryptorandomstring › Executing bundle for cryptorandomstring should not throw
# csscolorkeywords › Executing bundle for csscolorkeywords should not throw
ok 283 - csscolorkeywords › Executing bundle for csscolorkeywords should not throw
# cssesc › Executing bundle for cssesc should not throw
ok 284 - cssesc › Executing bundle for cssesc should not throw
# cssloader › Executing bundle for cssloader should not throw
not ok 285 - cssloader › Executing bundle for cssloader should not throw
  * undefined
  ---
    name: AssertionError
    message: Test failed via `t.fail()`
    assertion: fail
    at: 'file://test/cssloader.js:10:14'
  ...
# cssom › Executing bundle for cssom should not throw
not ok 286 - cssom › Executing bundle for cssom should not throw
  * undefined
  ---
    name: AssertionError
    message: Test failed via `t.fail()`
    assertion: fail
    at: 'file://test/cssom.js:10:14'
  ...
# cssselect › Executing bundle for cssselect should not throw
ok 287 - cssselect › Executing bundle for cssselect should not throw
# cssstyle › Executing bundle for cssstyle should not throw
not ok 288 - cssstyle › Executing bundle for cssstyle should not throw
  * undefined
  ---
    name: AssertionError
    message: Test failed via `t.fail()`
    assertion: fail
    at: 'file://test/cssstyle.js:10:14'
  ...
# csstoreactnative › Executing bundle for csstoreactnative should not throw
ok 289 - csstoreactnative › Executing bundle for csstoreactnative should not throw
# csswhat › Executing bundle for csswhat should not throw
ok 290 - csswhat › Executing bundle for csswhat should not throw
# currentlyunhandled › Executing bundle for currentlyunhandled should not throw
ok 291 - currentlyunhandled › Executing bundle for currentlyunhandled should not throw
# cyclist › Executing bundle for cyclist should not throw
ok 292 - cyclist › Executing bundle for cyclist should not throw
# dameraulevenshtein › Executing bundle for dameraulevenshtein should not throw
ok 293 - dameraulevenshtein › Executing bundle for dameraulevenshtein should not throw
# dargs › Executing bundle for dargs should not throw
ok 294 - dargs › Executing bundle for dargs should not throw
# dashdash › Executing bundle for dashdash should not throw
not ok 295 - dashdash › Executing bundle for dashdash should not throw
  * undefined
  ---
    name: AssertionError
    message: Test failed via `t.fail()`
    assertion: fail
    at: 'file://test/dashdash.js:10:14'
  ...
# dataurls › Executing bundle for dataurls should not throw
ok 296 - dataurls › Executing bundle for dataurls should not throw
# dateformat › Executing bundle for dateformat should not throw
ok 297 - dateformat › Executing bundle for dateformat should not throw
# datetime › Executing bundle for datetime should not throw
ok 298 - datetime › Executing bundle for datetime should not throw
# debug › Executing bundle for debug should not throw
ok 299 - debug › Executing bundle for debug should not throw
# decamelize › Executing bundle for decamelize should not throw
ok 300 - decamelize › Executing bundle for decamelize should not throw
# decimaljs › Executing bundle for decimaljs should not throw
ok 301 - decimaljs › Executing bundle for decimaljs should not throw
# decodeuricomponent › Executing bundle for decodeuricomponent should not throw
ok 302 - decodeuricomponent › Executing bundle for decodeuricomponent should not throw
# decompressresponse › Executing bundle for decompressresponse should not throw
ok 303 - decompressresponse › Executing bundle for decompressresponse should not throw
# deepeql › Executing bundle for deepeql should not throw
ok 304 - deepeql › Executing bundle for deepeql should not throw
# deepequal › Executing bundle for deepequal should not throw
ok 305 - deepequal › Executing bundle for deepequal should not throw
# deepextend › Executing bundle for deepextend should not throw
ok 306 - deepextend › Executing bundle for deepextend should not throw
# deepfreeze › Executing bundle for deepfreeze should not throw
ok 307 - deepfreeze › Executing bundle for deepfreeze should not throw
# deepis › Executing bundle for deepis should not throw
ok 308 - deepis › Executing bundle for deepis should not throw
# deepmerge › Executing bundle for deepmerge should not throw
ok 309 - deepmerge › Executing bundle for deepmerge should not throw
# defaultcompare › Executing bundle for defaultcompare should not throw
ok 310 - defaultcompare › Executing bundle for defaultcompare should not throw
# defaultgateway › Executing bundle for defaultgateway should not throw
not ok 311 - defaultgateway › Executing bundle for defaultgateway should not throw
  * undefined
  ---
    name: AssertionError
    message: Test failed via `t.fail()`
    assertion: fail
    at: 'file://test/defaultgateway.js:10:14'
  ...
# defaultresolution › Executing bundle for defaultresolution should not throw
ok 312 - defaultresolution › Executing bundle for defaultresolution should not throw
# defaults › Executing bundle for defaults should not throw
ok 313 - defaults › Executing bundle for defaults should not throw
# defertoconnect › Executing bundle for defertoconnect should not throw
ok 314 - defertoconnect › Executing bundle for defertoconnect should not throw
# defineproperties › Executing bundle for defineproperties should not throw
ok 315 - defineproperties › Executing bundle for defineproperties should not throw
# defineproperty › Executing bundle for defineproperty should not throw
ok 316 - defineproperty › Executing bundle for defineproperty should not throw
# del › Executing bundle for del should not throw
ok 317 - del › Executing bundle for del should not throw
# delayedstream › Executing bundle for delayedstream should not throw
ok 318 - delayedstream › Executing bundle for delayedstream should not throw
# delegates › Executing bundle for delegates should not throw
ok 319 - delegates › Executing bundle for delegates should not throw
# denque › Executing bundle for denque should not throw
ok 320 - denque › Executing bundle for denque should not throw
# depd › Executing bundle for depd should not throw
ok 321 - depd › Executing bundle for depd should not throw
# desjs › Executing bundle for desjs should not throw
ok 322 - desjs › Executing bundle for desjs should not throw
# destroy › Executing bundle for destroy should not throw
ok 323 - destroy › Executing bundle for destroy should not throw
# detectfile › Executing bundle for detectfile should not throw
ok 324 - detectfile › Executing bundle for detectfile should not throw
# detectindent › Executing bundle for detectindent should not throw
ok 325 - detectindent › Executing bundle for detectindent should not throw
# detectnewline › Executing bundle for detectnewline should not throw
ok 326 - detectnewline › Executing bundle for detectnewline should not throw
# detectnode › Executing bundle for detectnode should not throw
ok 327 - detectnode › Executing bundle for detectnode should not throw
# diff › Executing bundle for diff should not throw
ok 328 - diff › Executing bundle for diff should not throw
# diffiehellman › Executing bundle for diffiehellman should not throw
ok 329 - diffiehellman › Executing bundle for diffiehellman should not throw
# diffsequences › Executing bundle for diffsequences should not throw
ok 330 - diffsequences › Executing bundle for diffsequences should not throw
# dirglob › Executing bundle for dirglob should not throw
ok 331 - dirglob › Executing bundle for dirglob should not throw
# dnsequal › Executing bundle for dnsequal should not throw
ok 332 - dnsequal › Executing bundle for dnsequal should not throw
# dnspacket › Executing bundle for dnspacket should not throw
ok 333 - dnspacket › Executing bundle for dnspacket should not throw
# dnstxt › Executing bundle for dnstxt should not throw
ok 334 - dnstxt › Executing bundle for dnstxt should not throw
# doctrine › Executing bundle for doctrine should not throw
ok 335 - doctrine › Executing bundle for doctrine should not throw
# domainbrowser › Executing bundle for domainbrowser should not throw
ok 336 - domainbrowser › Executing bundle for domainbrowser should not throw
# domconverter › Executing bundle for domconverter should not throw
ok 337 - domconverter › Executing bundle for domconverter should not throw
# domelementtype › Executing bundle for domelementtype should not throw
ok 338 - domelementtype › Executing bundle for domelementtype should not throw
# domexception › Executing bundle for domexception should not throw
ok 339 - domexception › Executing bundle for domexception should not throw
# domhandler › Executing bundle for domhandler should not throw
ok 340 - domhandler › Executing bundle for domhandler should not throw
# domserializer › Executing bundle for domserializer should not throw
ok 341 - domserializer › Executing bundle for domserializer should not throw
# domutils › Executing bundle for domutils should not throw
ok 342 - domutils › Executing bundle for domutils should not throw
# dotcase › Executing bundle for dotcase should not throw
ok 343 - dotcase › Executing bundle for dotcase should not throw
# dotenv › Executing bundle for dotenv should not throw
ok 344 - dotenv › Executing bundle for dotenv should not throw
# dotprop › Executing bundle for dotprop should not throw
ok 345 - dotprop › Executing bundle for dotprop should not throw
# downloadstats › Executing bundle for downloadstats should not throw
ok 346 - downloadstats › Executing bundle for downloadstats should not throw
# duplexer › Executing bundle for duplexer should not throw
ok 347 - duplexer › Executing bundle for duplexer should not throw
# duplexify › Executing bundle for duplexify should not throw
not ok 348 - duplexify › Executing bundle for duplexify should not throw
  * undefined
  ---
    name: AssertionError
    message: Test failed via `t.fail()`
    assertion: fail
    at: 'file://test/duplexify.js:10:14'
  ...
# eachprops › Executing bundle for eachprops should not throw
ok 349 - eachprops › Executing bundle for eachprops should not throw
# eccjsbn › Executing bundle for eccjsbn should not throw
ok 350 - eccjsbn › Executing bundle for eccjsbn should not throw
# ecdsasigformatter › Executing bundle for ecdsasigformatter should not throw
ok 351 - ecdsasigformatter › Executing bundle for ecdsasigformatter should not throw
# editions › Executing bundle for editions should not throw
ok 352 - editions › Executing bundle for editions should not throw
# eefirst › Executing bundle for eefirst should not throw
ok 353 - eefirst › Executing bundle for eefirst should not throw
# ejs › Executing bundle for ejs should not throw
ok 354 - ejs › Executing bundle for ejs should not throw
# electrontochromium › Executing bundle for electrontochromium should not throw
ok 355 - electrontochromium › Executing bundle for electrontochromium should not throw
# elliptic › Executing bundle for elliptic should not throw
ok 356 - elliptic › Executing bundle for elliptic should not throw
# emittery › Executing bundle for emittery should not throw
ok 357 - emittery › Executing bundle for emittery should not throw
# emojiregex › Executing bundle for emojiregex should not throw
ok 358 - emojiregex › Executing bundle for emojiregex should not throw
# emojislist › Executing bundle for emojislist should not throw
ok 359 - emojislist › Executing bundle for emojislist should not throw
# enabled › Executing bundle for enabled should not throw
ok 360 - enabled › Executing bundle for enabled should not throw
# encodeurl › Executing bundle for encodeurl should not throw
ok 361 - encodeurl › Executing bundle for encodeurl should not throw
# endofstream › Executing bundle for endofstream should not throw
ok 362 - endofstream › Executing bundle for endofstream should not throw
# engineio › Executing bundle for engineio should not throw
not ok 363 - engineio › Executing bundle for engineio should not throw
  * undefined
  ---
    name: AssertionError
    message: Test failed via `t.fail()`
    assertion: fail
    at: 'file://test/engineio.js:10:14'
  ...
# engineioclient › Executing bundle for engineioclient should not throw
not ok 364 - engineioclient › Executing bundle for engineioclient should not throw
  * undefined
  ---
    name: AssertionError
    message: Test failed via `t.fail()`
    assertion: fail
    at: 'file://test/engineioclient.js:10:14'
  ...
# engineioparser › Executing bundle for engineioparser should not throw
ok 365 - engineioparser › Executing bundle for engineioparser should not throw
# enhancedresolve › Executing bundle for enhancedresolve should not throw
ok 366 - enhancedresolve › Executing bundle for enhancedresolve should not throw
# enquirer › Executing bundle for enquirer should not throw
ok 367 - enquirer › Executing bundle for enquirer should not throw
# entities › Executing bundle for entities should not throw
ok 368 - entities › Executing bundle for entities should not throw
# equallength › Executing bundle for equallength should not throw
ok 369 - equallength › Executing bundle for equallength should not throw
# errlop › Executing bundle for errlop should not throw
ok 370 - errlop › Executing bundle for errlop should not throw
# errno › Executing bundle for errno should not throw
ok 371 - errno › Executing bundle for errno should not throw
# errorex › Executing bundle for errorex should not throw
ok 372 - errorex › Executing bundle for errorex should not throw
# esabstract › Executing bundle for esabstract should not throw
ok 373 - esabstract › Executing bundle for esabstract should not throw
# esarraymethodboxesproperly › Executing bundle for esarraymethodboxesproperly should not throw
ok 374 - esarraymethodboxesproperly › Executing bundle for esarraymethodboxesproperly should not throw
# escalade › Executing bundle for escalade should not throw
ok 375 - escalade › Executing bundle for escalade should not throw
# escapegoat › Executing bundle for escapegoat should not throw
ok 376 - escapegoat › Executing bundle for escapegoat should not throw
# escapehtml › Executing bundle for escapehtml should not throw
ok 377 - escapehtml › Executing bundle for escapehtml should not throw
# escapestringregexp › Executing bundle for escapestringregexp should not throw
ok 378 - escapestringregexp › Executing bundle for escapestringregexp should not throw
# escodegen › Executing bundle for escodegen should not throw
ok 379 - escodegen › Executing bundle for escodegen should not throw
# esgetiterator › Executing bundle for esgetiterator should not throw
ok 380 - esgetiterator › Executing bundle for esgetiterator should not throw
# eslint › Executing bundle for eslint should not throw
not ok 381 - eslint › Executing bundle for eslint should not throw
  * undefined
  ---
    name: AssertionError
    message: Test failed via `t.fail()`
    assertion: fail
    at: 'file://test/eslint.js:10:14'
  ...
# eslintconfiggoogle › Executing bundle for eslintconfiggoogle should not throw
ok 382 - eslintconfiggoogle › Executing bundle for eslintconfiggoogle should not throw
# eslintimportresolvernode › Executing bundle for eslintimportresolvernode should not throw
ok 383 - eslintimportresolvernode › Executing bundle for eslintimportresolvernode should not throw
# eslintmoduleutils › Executing bundle for eslintmoduleutils should not throw
not ok 384 - eslintmoduleutils › Executing bundle for eslintmoduleutils should not throw
  * undefined
  ---
    name: AssertionError
    message: Test failed via `t.fail()`
    assertion: fail
    at: 'file://test/eslintmoduleutils.js:10:14'
  ...
# eslintpluginimport › Executing bundle for eslintpluginimport should not throw
not ok 385 - eslintpluginimport › Executing bundle for eslintpluginimport should not throw
  * undefined
  ---
    name: AssertionError
    message: Test failed via `t.fail()`
    assertion: fail
    at: 'file://test/eslintpluginimport.js:10:14'
  ...
# eslintpluginjsdoc › Executing bundle for eslintpluginjsdoc should not throw
not ok 386 - eslintpluginjsdoc › Executing bundle for eslintpluginjsdoc should not throw
  * undefined
  ---
    name: AssertionError
    message: Test failed via `t.fail()`
    assertion: fail
    at: 'file://test/eslintpluginjsdoc.js:10:14'
  ...
# eslintpluginjsxay › Executing bundle for eslintpluginjsxay should not throw
ok 387 - eslintpluginjsxay › Executing bundle for eslintpluginjsxay should not throw
# eslintpluginreact › Executing bundle for eslintpluginreact should not throw
ok 388 - eslintpluginreact › Executing bundle for eslintpluginreact should not throw
# eslintscope › Executing bundle for eslintscope should not throw
ok 389 - eslintscope › Executing bundle for eslintscope should not throw
# eslintutils › Executing bundle for eslintutils should not throw
ok 390 - eslintutils › Executing bundle for eslintutils should not throw
# eslintvisitorkeys › Executing bundle for eslintvisitorkeys should not throw
ok 391 - eslintvisitorkeys › Executing bundle for eslintvisitorkeys should not throw
# espree › Executing bundle for espree should not throw
ok 392 - espree › Executing bundle for espree should not throw
# esprima › Executing bundle for esprima should not throw
ok 393 - esprima › Executing bundle for esprima should not throw
# esquery › Executing bundle for esquery should not throw
ok 394 - esquery › Executing bundle for esquery should not throw
# esrecurse › Executing bundle for esrecurse should not throw
ok 395 - esrecurse › Executing bundle for esrecurse should not throw
# estoprimitive › Executing bundle for estoprimitive should not throw
ok 396 - estoprimitive › Executing bundle for estoprimitive should not throw
# estraverse › Executing bundle for estraverse should not throw
ok 397 - estraverse › Executing bundle for estraverse should not throw
# estreewalker › Executing bundle for estreewalker should not throw
ok 398 - estreewalker › Executing bundle for estreewalker should not throw
# esutils › Executing bundle for esutils should not throw
ok 399 - esutils › Executing bundle for esutils should not throw
# etag › Executing bundle for etag should not throw
ok 400 - etag › Executing bundle for etag should not throw
# eventemitter › Executing bundle for eventemitter should not throw
ok 401 - eventemitter › Executing bundle for eventemitter should not throw
# events › Executing bundle for events should not throw
ok 402 - events › Executing bundle for events should not throw
# eventsource › Executing bundle for eventsource should not throw
ok 403 - eventsource › Executing bundle for eventsource should not throw
# evpbytestokey › Executing bundle for evpbytestokey should not throw
not ok 404 - evpbytestokey › Executing bundle for evpbytestokey should not throw
  * undefined
  ---
    name: AssertionError
    message: Test failed via `t.fail()`
    assertion: fail
    at: 'file://test/evpbytestokey.js:10:14'
  ...
# execa › Executing bundle for execa should not throw
ok 405 - execa › Executing bundle for execa should not throw
# execsh › Executing bundle for execsh should not throw
ok 406 - execsh › Executing bundle for execsh should not throw
# exit › Executing bundle for exit should not throw
ok 407 - exit › Executing bundle for exit should not throw
# expandbrackets › Executing bundle for expandbrackets should not throw
ok 408 - expandbrackets › Executing bundle for expandbrackets should not throw
# expandtilde › Executing bundle for expandtilde should not throw
ok 409 - expandtilde › Executing bundle for expandtilde should not throw
# expect › Executing bundle for expect should not throw
ok 410 - expect › Executing bundle for expect should not throw
# express › Executing bundle for express should not throw
ok 411 - express › Executing bundle for express should not throw
# ext › Executing bundle for ext should not throw
not ok 412 - ext › Executing bundle for ext should not throw
  * undefined
  ---
    name: AssertionError
    message: Test failed via `t.fail()`
    assertion: fail
    at: 'file://test/ext.js:10:14'
  ...
# extend › Executing bundle for extend should not throw
ok 413 - extend › Executing bundle for extend should not throw
# extendshallow › Executing bundle for extendshallow should not throw
ok 414 - extendshallow › Executing bundle for extendshallow should not throw
# externaleditor › Executing bundle for externaleditor should not throw
ok 415 - externaleditor › Executing bundle for externaleditor should not throw
# extglob › Executing bundle for extglob should not throw
ok 416 - extglob › Executing bundle for extglob should not throw
# extsprintf › Executing bundle for extsprintf should not throw
ok 417 - extsprintf › Executing bundle for extsprintf should not throw
# fancylog › Executing bundle for fancylog should not throw
ok 418 - fancylog › Executing bundle for fancylog should not throw
# fastdeepequal › Executing bundle for fastdeepequal should not throw
ok 419 - fastdeepequal › Executing bundle for fastdeepequal should not throw
# fastdiff › Executing bundle for fastdiff should not throw
ok 420 - fastdiff › Executing bundle for fastdiff should not throw
# fastglob › Executing bundle for fastglob should not throw
ok 421 - fastglob › Executing bundle for fastglob should not throw
# fastjsonstablestringify › Executing bundle for fastjsonstablestringify should not throw
ok 422 - fastjsonstablestringify › Executing bundle for fastjsonstablestringify should not throw
# fastlevenshtein › Executing bundle for fastlevenshtein should not throw
ok 423 - fastlevenshtein › Executing bundle for fastlevenshtein should not throw
# fastq › Executing bundle for fastq should not throw
ok 424 - fastq › Executing bundle for fastq should not throw
# fastsafestringify › Executing bundle for fastsafestringify should not throw
ok 425 - fastsafestringify › Executing bundle for fastsafestringify should not throw
# fayewebsocket › Executing bundle for fayewebsocket should not throw
ok 426 - fayewebsocket › Executing bundle for fayewebsocket should not throw
# fbwatchman › Executing bundle for fbwatchman should not throw
ok 427 - fbwatchman › Executing bundle for fbwatchman should not throw
# fecha › Executing bundle for fecha should not throw
ok 428 - fecha › Executing bundle for fecha should not throw
# figgypudding › Executing bundle for figgypudding should not throw
ok 429 - figgypudding › Executing bundle for figgypudding should not throw
# figures › Executing bundle for figures should not throw
ok 430 - figures › Executing bundle for figures should not throw
# fileentrycache › Executing bundle for fileentrycache should not throw
ok 431 - fileentrycache › Executing bundle for fileentrycache should not throw
# filelist › Executing bundle for filelist should not throw
ok 432 - filelist › Executing bundle for filelist should not throw
# fileloader › Executing bundle for fileloader should not throw
ok 433 - fileloader › Executing bundle for fileloader should not throw
# fillrange › Executing bundle for fillrange should not throw
ok 434 - fillrange › Executing bundle for fillrange should not throw
# finalhandler › Executing bundle for finalhandler should not throw
ok 435 - finalhandler › Executing bundle for finalhandler should not throw
# findcachedir › Executing bundle for findcachedir should not throw
ok 436 - findcachedir › Executing bundle for findcachedir should not throw
# findup › Executing bundle for findup should not throw
ok 437 - findup › Executing bundle for findup should not throw
# findupsync › Executing bundle for findupsync should not throw
ok 438 - findupsync › Executing bundle for findupsync should not throw
# fined › Executing bundle for fined should not throw
ok 439 - fined › Executing bundle for fined should not throw
# firstchunkstream › Executing bundle for firstchunkstream should not throw
not ok 440 - firstchunkstream › Executing bundle for firstchunkstream should not throw
  * undefined
  ---
    name: AssertionError
    message: Test failed via `t.fail()`
    assertion: fail
    at: 'file://test/firstchunkstream.js:10:14'
  ...
# flaggedrespawn › Executing bundle for flaggedrespawn should not throw
ok 441 - flaggedrespawn › Executing bundle for flaggedrespawn should not throw
# flat › Executing bundle for flat should not throw
ok 442 - flat › Executing bundle for flat should not throw
# flatcache › Executing bundle for flatcache should not throw
ok 443 - flatcache › Executing bundle for flatcache should not throw
# flatted › Executing bundle for flatted should not throw
ok 444 - flatted › Executing bundle for flatted should not throw
# flushwritestream › Executing bundle for flushwritestream should not throw
not ok 445 - flushwritestream › Executing bundle for flushwritestream should not throw
  * undefined
  ---
    name: AssertionError
    message: Test failed via `t.fail()`
    assertion: fail
    at: 'file://test/flushwritestream.js:10:14'
  ...
# fnname › Executing bundle for fnname should not throw
ok 446 - fnname › Executing bundle for fnname should not throw
# followredirects › Executing bundle for followredirects should not throw
ok 447 - followredirects › Executing bundle for followredirects should not throw
# foreveragent › Executing bundle for foreveragent should not throw
ok 448 - foreveragent › Executing bundle for foreveragent should not throw
# forin › Executing bundle for forin should not throw
ok 449 - forin › Executing bundle for forin should not throw
# formdata › Executing bundle for formdata should not throw
ok 450 - formdata › Executing bundle for formdata should not throw
# formidable › Executing bundle for formidable should not throw
ok 451 - formidable › Executing bundle for formidable should not throw
# forown › Executing bundle for forown should not throw
ok 452 - forown › Executing bundle for forown should not throw
# forwarded › Executing bundle for forwarded should not throw
ok 453 - forwarded › Executing bundle for forwarded should not throw
# fragmentcache › Executing bundle for fragmentcache should not throw
ok 454 - fragmentcache › Executing bundle for fragmentcache should not throw
# fresh › Executing bundle for fresh should not throw
ok 455 - fresh › Executing bundle for fresh should not throw
# from › Executing bundle for from should not throw
not ok 456 - from › Executing bundle for from should not throw
  * undefined
  ---
    name: AssertionError
    message: Test failed via `t.fail()`
    assertion: fail
    at: 'file://test/from.js:10:14'
  ...
# fsextra › Executing bundle for fsextra should not throw
ok 457 - fsextra › Executing bundle for fsextra should not throw
# fsmkdirpstream › Executing bundle for fsmkdirpstream should not throw
not ok 458 - fsmkdirpstream › Executing bundle for fsmkdirpstream should not throw
  * undefined
  ---
    name: AssertionError
    message: Test failed via `t.fail()`
    assertion: fail
    at: 'file://test/fsmkdirpstream.js:10:14'
  ...
# fsrealpath › Executing bundle for fsrealpath should not throw
ok 459 - fsrealpath › Executing bundle for fsrealpath should not throw
# fstream › Executing bundle for fstream should not throw
not ok 460 - fstream › Executing bundle for fstream should not throw
  * undefined
  ---
    name: AssertionError
    message: Test failed via `t.fail()`
    assertion: fail
    at: 'file://test/fstream.js:10:14'
  ...
# fswritestreamatomic › Executing bundle for fswritestreamatomic should not throw
not ok 461 - fswritestreamatomic › Executing bundle for fswritestreamatomic should not throw
  * undefined
  ---
    name: AssertionError
    message: Test failed via `t.fail()`
    assertion: fail
    at: 'file://test/fswritestreamatomic.js:10:14'
  ...
# functionalredblacktree › Executing bundle for functionalredblacktree should not throw
ok 462 - functionalredblacktree › Executing bundle for functionalredblacktree should not throw
# functionbind › Executing bundle for functionbind should not throw
ok 463 - functionbind › Executing bundle for functionbind should not throw
# gauge › Executing bundle for gauge should not throw
ok 464 - gauge › Executing bundle for gauge should not throw
# gaze › Executing bundle for gaze should not throw
ok 465 - gaze › Executing bundle for gaze should not throw
# gensync › Executing bundle for gensync should not throw
ok 466 - gensync › Executing bundle for gensync should not throw
# getcallerfile › Executing bundle for getcallerfile should not throw
ok 467 - getcallerfile › Executing bundle for getcallerfile should not throw
# getfuncname › Executing bundle for getfuncname should not throw
ok 468 - getfuncname › Executing bundle for getfuncname should not throw
# getpackagetype › Executing bundle for getpackagetype should not throw
ok 469 - getpackagetype › Executing bundle for getpackagetype should not throw
# getpass › Executing bundle for getpass should not throw
ok 470 - getpass › Executing bundle for getpass should not throw
# getstdin › Executing bundle for getstdin should not throw
ok 471 - getstdin › Executing bundle for getstdin should not throw
# getstream › Executing bundle for getstream should not throw
ok 472 - getstream › Executing bundle for getstream should not throw
# getvalue › Executing bundle for getvalue should not throw
ok 473 - getvalue › Executing bundle for getvalue should not throw
# ghgot › Executing bundle for ghgot should not throw
ok 474 - ghgot › Executing bundle for ghgot should not throw
# githubusername › Executing bundle for githubusername should not throw
ok 475 - githubusername › Executing bundle for githubusername should not throw
# glob › Executing bundle for glob should not throw
ok 476 - glob › Executing bundle for glob should not throw
# globaldirs › Executing bundle for globaldirs should not throw
ok 477 - globaldirs › Executing bundle for globaldirs should not throw
# globalmodules › Executing bundle for globalmodules should not throw
ok 478 - globalmodules › Executing bundle for globalmodules should not throw
# globalprefix › Executing bundle for globalprefix should not throw
ok 479 - globalprefix › Executing bundle for globalprefix should not throw
# globals › Executing bundle for globals should not throw
ok 480 - globals › Executing bundle for globals should not throw
# globby › Executing bundle for globby should not throw
ok 481 - globby › Executing bundle for globby should not throw
# globparent › Executing bundle for globparent should not throw
ok 482 - globparent › Executing bundle for globparent should not throw
# globstream › Executing bundle for globstream should not throw
not ok 483 - globstream › Executing bundle for globstream should not throw
  * undefined
  ---
    name: AssertionError
    message: Test failed via `t.fail()`
    assertion: fail
    at: 'file://test/globstream.js:10:14'
  ...
# globtoregexp › Executing bundle for globtoregexp should not throw
ok 484 - globtoregexp › Executing bundle for globtoregexp should not throw
# globule › Executing bundle for globule should not throw
ok 485 - globule › Executing bundle for globule should not throw
# globwatcher › Executing bundle for globwatcher should not throw
not ok 486 - globwatcher › Executing bundle for globwatcher should not throw
  * undefined
  ---
    name: AssertionError
    message: Test failed via `t.fail()`
    assertion: fail
    at: 'file://test/globwatcher.js:10:14'
  ...
# glogg › Executing bundle for glogg should not throw
ok 487 - glogg › Executing bundle for glogg should not throw
# got › Executing bundle for got should not throw
ok 488 - got › Executing bundle for got should not throw
# gracefulfs › Executing bundle for gracefulfs should not throw
ok 489 - gracefulfs › Executing bundle for gracefulfs should not throw
# graphql › Executing bundle for graphql should not throw
ok 490 - graphql › Executing bundle for graphql should not throw
# groupedqueue › Executing bundle for groupedqueue should not throw
ok 491 - groupedqueue › Executing bundle for groupedqueue should not throw
# growl › Executing bundle for growl should not throw
ok 492 - growl › Executing bundle for growl should not throw
# growly › Executing bundle for growly should not throw
ok 493 - growly › Executing bundle for growly should not throw
# gulplog › Executing bundle for gulplog should not throw
ok 494 - gulplog › Executing bundle for gulplog should not throw
# gulputil › Executing bundle for gulputil should not throw
not ok 495 - gulputil › Executing bundle for gulputil should not throw
  * undefined
  ---
    name: AssertionError
    message: Test failed via `t.fail()`
    assertion: fail
    at: 'file://test/gulputil.js:10:14'
  ...
# handlebars › Executing bundle for handlebars should not throw
ok 496 - handlebars › Executing bundle for handlebars should not throw
# handlething › Executing bundle for handlething should not throw
ok 497 - handlething › Executing bundle for handlething should not throw
# harschema › Executing bundle for harschema should not throw
ok 498 - harschema › Executing bundle for harschema should not throw
# harvalidator › Executing bundle for harvalidator should not throw
ok 499 - harvalidator › Executing bundle for harvalidator should not throw
# has › Executing bundle for has should not throw
ok 500 - has › Executing bundle for has should not throw
# hasansi › Executing bundle for hasansi should not throw
ok 501 - hasansi › Executing bundle for hasansi should not throw
# hasbinary › Executing bundle for hasbinary should not throw
ok 502 - hasbinary › Executing bundle for hasbinary should not throw
# hascors › Executing bundle for hascors should not throw
ok 503 - hascors › Executing bundle for hascors should not throw
# hasflag › Executing bundle for hasflag should not throw
ok 504 - hasflag › Executing bundle for hasflag should not throw
# hasgulplog › Executing bundle for hasgulplog should not throw
ok 505 - hasgulplog › Executing bundle for hasgulplog should not throw
# hashbase › Executing bundle for hashbase should not throw
not ok 506 - hashbase › Executing bundle for hashbase should not throw
  * undefined
  ---
    name: AssertionError
    message: Test failed via `t.fail()`
    assertion: fail
    at: 'file://test/hashbase.js:10:14'
  ...
# hashjs › Executing bundle for hashjs should not throw
ok 507 - hashjs › Executing bundle for hashjs should not throw
# hassymbols › Executing bundle for hassymbols should not throw
ok 508 - hassymbols › Executing bundle for hassymbols should not throw
# hasunicode › Executing bundle for hasunicode should not throw
ok 509 - hasunicode › Executing bundle for hasunicode should not throw
# hasvalue › Executing bundle for hasvalue should not throw
ok 510 - hasvalue › Executing bundle for hasvalue should not throw
# hasvalues › Executing bundle for hasvalues should not throw
ok 511 - hasvalues › Executing bundle for hasvalues should not throw
# hasyarn › Executing bundle for hasyarn should not throw
ok 512 - hasyarn › Executing bundle for hasyarn should not throw
# he › Executing bundle for he should not throw
ok 513 - he › Executing bundle for he should not throw
# history › Executing bundle for history should not throw
ok 514 - history › Executing bundle for history should not throw
# hmacdrbg › Executing bundle for hmacdrbg should not throw
ok 515 - hmacdrbg › Executing bundle for hmacdrbg should not throw
# hoistnonreactstatics › Executing bundle for hoistnonreactstatics should not throw
ok 516 - hoistnonreactstatics › Executing bundle for hoistnonreactstatics should not throw
# homedirpolyfill › Executing bundle for homedirpolyfill should not throw
ok 517 - homedirpolyfill › Executing bundle for homedirpolyfill should not throw
# homeortmp › Executing bundle for homeortmp should not throw
ok 518 - homeortmp › Executing bundle for homeortmp should not throw
# hostedgitinfo › Executing bundle for hostedgitinfo should not throw
ok 519 - hostedgitinfo › Executing bundle for hostedgitinfo should not throw
# hpackjs › Executing bundle for hpackjs should not throw
not ok 520 - hpackjs › Executing bundle for hpackjs should not throw
  * undefined
  ---
    name: AssertionError
    message: Test failed via `t.fail()`
    assertion: fail
    at: 'file://test/hpackjs.js:10:14'
  ...
# htmlencodingsniffer › Executing bundle for htmlencodingsniffer should not throw
ok 521 - htmlencodingsniffer › Executing bundle for htmlencodingsniffer should not throw
# htmlentities › Executing bundle for htmlentities should not throw
ok 522 - htmlentities › Executing bundle for htmlentities should not throw
# htmlescaper › Executing bundle for htmlescaper should not throw
ok 523 - htmlescaper › Executing bundle for htmlescaper should not throw
# htmlminifierterser › Executing bundle for htmlminifierterser should not throw
ok 524 - htmlminifierterser › Executing bundle for htmlminifierterser should not throw
# htmlparser › Executing bundle for htmlparser should not throw
not ok 525 - htmlparser › Executing bundle for htmlparser should not throw
  * undefined
  ---
    name: AssertionError
    message: Test failed via `t.fail()`
    assertion: fail
    at: 'file://test/htmlparser.js:10:14'
  ...
# htmlwebpackplugin › Executing bundle for htmlwebpackplugin should not throw
not ok 526 - htmlwebpackplugin › Executing bundle for htmlwebpackplugin should not throw
  * undefined
  ---
    name: AssertionError
    message: Test failed via `t.fail()`
    assertion: fail
    at: 'file://test/htmlwebpackplugin.js:10:14'
  ...
# httpcachesemantics › Executing bundle for httpcachesemantics should not throw
ok 527 - httpcachesemantics › Executing bundle for httpcachesemantics should not throw
# httpdeceiver › Executing bundle for httpdeceiver should not throw
ok 528 - httpdeceiver › Executing bundle for httpdeceiver should not throw
# httperrors › Executing bundle for httperrors should not throw
ok 529 - httperrors › Executing bundle for httperrors should not throw
# httpparserjs › Executing bundle for httpparserjs should not throw
ok 530 - httpparserjs › Executing bundle for httpparserjs should not throw
# httpproxy › Executing bundle for httpproxy should not throw
ok 531 - httpproxy › Executing bundle for httpproxy should not throw
# httpproxymiddleware › Executing bundle for httpproxymiddleware should not throw
ok 532 - httpproxymiddleware › Executing bundle for httpproxymiddleware should not throw
# httpsbrowserify › Executing bundle for httpsbrowserify should not throw
ok 533 - httpsbrowserify › Executing bundle for httpsbrowserify should not throw
# httpsignature › Executing bundle for httpsignature should not throw
not ok 534 - httpsignature › Executing bundle for httpsignature should not throw
  * undefined
  ---
    name: AssertionError
    message: Test failed via `t.fail()`
    assertion: fail
    at: 'file://test/httpsignature.js:10:14'
  ...
# humansignals › Executing bundle for humansignals should not throw
ok 535 - humansignals › Executing bundle for humansignals should not throw
# iconvlite › Executing bundle for iconvlite should not throw
ok 536 - iconvlite › Executing bundle for iconvlite should not throw
# icssutils › Executing bundle for icssutils should not throw
not ok 537 - icssutils › Executing bundle for icssutils should not throw
  * undefined
  ---
    name: AssertionError
    message: Test failed via `t.fail()`
    assertion: fail
    at: 'file://test/icssutils.js:10:14'
  ...
# ieee › Executing bundle for ieee should not throw
ok 538 - ieee › Executing bundle for ieee should not throw
# iferr › Executing bundle for iferr should not throw
ok 539 - iferr › Executing bundle for iferr should not throw
# ignore › Executing bundle for ignore should not throw
ok 540 - ignore › Executing bundle for ignore should not throw
# ignorebydefault › Executing bundle for ignorebydefault should not throw
ok 541 - ignorebydefault › Executing bundle for ignorebydefault should not throw
# immutable › Executing bundle for immutable should not throw
ok 542 - immutable › Executing bundle for immutable should not throw
# importcwd › Executing bundle for importcwd should not throw
ok 543 - importcwd › Executing bundle for importcwd should not throw
# importfresh › Executing bundle for importfresh should not throw
ok 544 - importfresh › Executing bundle for importfresh should not throw
# importfrom › Executing bundle for importfrom should not throw
ok 545 - importfrom › Executing bundle for importfrom should not throw
# importlazy › Executing bundle for importlazy should not throw
ok 546 - importlazy › Executing bundle for importlazy should not throw
# importlocal › Executing bundle for importlocal should not throw
ok 547 - importlocal › Executing bundle for importlocal should not throw
# imurmurhash › Executing bundle for imurmurhash should not throw
ok 548 - imurmurhash › Executing bundle for imurmurhash should not throw
# indentstring › Executing bundle for indentstring should not throw
ok 549 - indentstring › Executing bundle for indentstring should not throw
# indexesof › Executing bundle for indexesof should not throw
ok 550 - indexesof › Executing bundle for indexesof should not throw
# indexof › Executing bundle for indexof should not throw
ok 551 - indexof › Executing bundle for indexof should not throw
# inferowner › Executing bundle for inferowner should not throw
ok 552 - inferowner › Executing bundle for inferowner should not throw
# inflight › Executing bundle for inflight should not throw
ok 553 - inflight › Executing bundle for inflight should not throw
# inherits › Executing bundle for inherits should not throw
ok 554 - inherits › Executing bundle for inherits should not throw
# ini › Executing bundle for ini should not throw
ok 555 - ini › Executing bundle for ini should not throw
# inpublish › Executing bundle for inpublish should not throw
ok 556 - inpublish › Executing bundle for inpublish should not throw
# inquirer › Executing bundle for inquirer should not throw
ok 557 - inquirer › Executing bundle for inquirer should not throw
# internalip › Executing bundle for internalip should not throw
not ok 558 - internalip › Executing bundle for internalip should not throw
  * undefined
  ---
    name: AssertionError
    message: Test failed via `t.fail()`
    assertion: fail
    at: 'file://test/internalip.js:10:14'
  ...
# internalslot › Executing bundle for internalslot should not throw
ok 559 - internalslot › Executing bundle for internalslot should not throw
# interpret › Executing bundle for interpret should not throw
not ok 560 - interpret › Executing bundle for interpret should not throw
  * undefined
  ---
    name: AssertionError
    message: Test failed via `t.fail()`
    assertion: fail
    at: 'file://test/interpret.js:10:14'
  ...
# invariant › Executing bundle for invariant should not throw
ok 561 - invariant › Executing bundle for invariant should not throw
# invertkv › Executing bundle for invertkv should not throw
ok 562 - invertkv › Executing bundle for invertkv should not throw
# ip › Executing bundle for ip should not throw
ok 563 - ip › Executing bundle for ip should not throw
# ipaddrjs › Executing bundle for ipaddrjs should not throw
ok 564 - ipaddrjs › Executing bundle for ipaddrjs should not throw
# ipregex › Executing bundle for ipregex should not throw
ok 565 - ipregex › Executing bundle for ipregex should not throw
# irregularplurals › Executing bundle for irregularplurals should not throw
ok 566 - irregularplurals › Executing bundle for irregularplurals should not throw
# isabsolute › Executing bundle for isabsolute should not throw
ok 567 - isabsolute › Executing bundle for isabsolute should not throw
# isabsoluteurl › Executing bundle for isabsoluteurl should not throw
ok 568 - isabsoluteurl › Executing bundle for isabsoluteurl should not throw
# isaccessordescriptor › Executing bundle for isaccessordescriptor should not throw
ok 569 - isaccessordescriptor › Executing bundle for isaccessordescriptor should not throw
# isarguments › Executing bundle for isarguments should not throw
ok 570 - isarguments › Executing bundle for isarguments should not throw
# isarray › Executing bundle for isarray should not throw
ok 571 - isarray › Executing bundle for isarray should not throw
# isarrayish › Executing bundle for isarrayish should not throw
ok 572 - isarrayish › Executing bundle for isarrayish should not throw
# isbinaryfile › Executing bundle for isbinaryfile should not throw
ok 573 - isbinaryfile › Executing bundle for isbinaryfile should not throw
# isbinarypath › Executing bundle for isbinarypath should not throw
ok 574 - isbinarypath › Executing bundle for isbinarypath should not throw
# isbuffer › Executing bundle for isbuffer should not throw
ok 575 - isbuffer › Executing bundle for isbuffer should not throw
# iscallable › Executing bundle for iscallable should not throw
ok 576 - iscallable › Executing bundle for iscallable should not throw
# isci › Executing bundle for isci should not throw
ok 577 - isci › Executing bundle for isci should not throw
# isdatadescriptor › Executing bundle for isdatadescriptor should not throw
ok 578 - isdatadescriptor › Executing bundle for isdatadescriptor should not throw
# isdateobject › Executing bundle for isdateobject should not throw
ok 579 - isdateobject › Executing bundle for isdateobject should not throw
# isdescriptor › Executing bundle for isdescriptor should not throw
ok 580 - isdescriptor › Executing bundle for isdescriptor should not throw
# isdirectory › Executing bundle for isdirectory should not throw
ok 581 - isdirectory › Executing bundle for isdirectory should not throw
# isdocker › Executing bundle for isdocker should not throw
ok 582 - isdocker › Executing bundle for isdocker should not throw
# iserror › Executing bundle for iserror should not throw
ok 583 - iserror › Executing bundle for iserror should not throw
# isexe › Executing bundle for isexe should not throw
ok 584 - isexe › Executing bundle for isexe should not throw
# isextendable › Executing bundle for isextendable should not throw
ok 585 - isextendable › Executing bundle for isextendable should not throw
# isextglob › Executing bundle for isextglob should not throw
ok 586 - isextglob › Executing bundle for isextglob should not throw
# isfinite › Executing bundle for isfinite should not throw
ok 587 - isfinite › Executing bundle for isfinite should not throw
# isfullwidthcodepoint › Executing bundle for isfullwidthcodepoint should not throw
ok 588 - isfullwidthcodepoint › Executing bundle for isfullwidthcodepoint should not throw
# isgeneratorfn › Executing bundle for isgeneratorfn should not throw
ok 589 - isgeneratorfn › Executing bundle for isgeneratorfn should not throw
# isglob › Executing bundle for isglob should not throw
ok 590 - isglob › Executing bundle for isglob should not throw
# isinstalledglobally › Executing bundle for isinstalledglobally should not throw
ok 591 - isinstalledglobally › Executing bundle for isinstalledglobally should not throw
# isinteractive › Executing bundle for isinteractive should not throw
ok 592 - isinteractive › Executing bundle for isinteractive should not throw
# ismap › Executing bundle for ismap should not throw
ok 593 - ismap › Executing bundle for ismap should not throw
# ismodule › Executing bundle for ismodule should not throw
ok 594 - ismodule › Executing bundle for ismodule should not throw
# isnegatedglob › Executing bundle for isnegatedglob should not throw
ok 595 - isnegatedglob › Executing bundle for isnegatedglob should not throw
# isnpm › Executing bundle for isnpm should not throw
ok 596 - isnpm › Executing bundle for isnpm should not throw
# isnumber › Executing bundle for isnumber should not throw
ok 597 - isnumber › Executing bundle for isnumber should not throw
# isobj › Executing bundle for isobj should not throw
ok 598 - isobj › Executing bundle for isobj should not throw
# isobject › Executing bundle for isobject should not throw
ok 599 - isobject › Executing bundle for isobject should not throw
# ispathcwd › Executing bundle for ispathcwd should not throw
ok 600 - ispathcwd › Executing bundle for ispathcwd should not throw
# ispathincwd › Executing bundle for ispathincwd should not throw
ok 601 - ispathincwd › Executing bundle for ispathincwd should not throw
# ispathinside › Executing bundle for ispathinside should not throw
ok 602 - ispathinside › Executing bundle for ispathinside should not throw
# isplainobj › Executing bundle for isplainobj should not throw
ok 603 - isplainobj › Executing bundle for isplainobj should not throw
# isplainobject › Executing bundle for isplainobject should not throw
ok 604 - isplainobject › Executing bundle for isplainobject should not throw
# ispotentialcustomelementname › Executing bundle for ispotentialcustomelementname should not throw
ok 605 - ispotentialcustomelementname › Executing bundle for ispotentialcustomelementname should not throw
# ispromise › Executing bundle for ispromise should not throw
ok 606 - ispromise › Executing bundle for ispromise should not throw
# isredirect › Executing bundle for isredirect should not throw
ok 607 - isredirect › Executing bundle for isredirect should not throw
# isreference › Executing bundle for isreference should not throw
ok 608 - isreference › Executing bundle for isreference should not throw
# isregex › Executing bundle for isregex should not throw
ok 609 - isregex › Executing bundle for isregex should not throw
# isrelative › Executing bundle for isrelative should not throw
ok 610 - isrelative › Executing bundle for isrelative should not throw
# isretryallowed › Executing bundle for isretryallowed should not throw
ok 611 - isretryallowed › Executing bundle for isretryallowed should not throw
# isscoped › Executing bundle for isscoped should not throw
ok 612 - isscoped › Executing bundle for isscoped should not throw
# isset › Executing bundle for isset should not throw
ok 613 - isset › Executing bundle for isset should not throw
# isstream › Executing bundle for isstream should not throw
ok 614 - isstream › Executing bundle for isstream should not throw
# isstring › Executing bundle for isstring should not throw
ok 615 - isstring › Executing bundle for isstring should not throw
# issymbol › Executing bundle for issymbol should not throw
ok 616 - issymbol › Executing bundle for issymbol should not throw
# istanbullibcoverage › Executing bundle for istanbullibcoverage should not throw
ok 617 - istanbullibcoverage › Executing bundle for istanbullibcoverage should not throw
# istanbullibinstrument › Executing bundle for istanbullibinstrument should not throw
ok 618 - istanbullibinstrument › Executing bundle for istanbullibinstrument should not throw
# istanbullibreport › Executing bundle for istanbullibreport should not throw
ok 619 - istanbullibreport › Executing bundle for istanbullibreport should not throw
# istanbullibsourcemaps › Executing bundle for istanbullibsourcemaps should not throw
ok 620 - istanbullibsourcemaps › Executing bundle for istanbullibsourcemaps should not throw
# istanbulreports › Executing bundle for istanbulreports should not throw
ok 621 - istanbulreports › Executing bundle for istanbulreports should not throw
# istextorbinary › Executing bundle for istextorbinary should not throw
not ok 622 - istextorbinary › Executing bundle for istextorbinary should not throw
  * undefined
  ---
    name: AssertionError
    message: Test failed via `t.fail()`
    assertion: fail
    at: 'file://test/istextorbinary.js:10:14'
  ...
# istypedarray › Executing bundle for istypedarray should not throw
ok 623 - istypedarray › Executing bundle for istypedarray should not throw
# isuncpath › Executing bundle for isuncpath should not throw
ok 624 - isuncpath › Executing bundle for isuncpath should not throw
# isutf › Executing bundle for isutf should not throw
ok 625 - isutf › Executing bundle for isutf should not throw
# isvalidglob › Executing bundle for isvalidglob should not throw
ok 626 - isvalidglob › Executing bundle for isvalidglob should not throw
# iswindows › Executing bundle for iswindows should not throw
ok 627 - iswindows › Executing bundle for iswindows should not throw
# iswsl › Executing bundle for iswsl should not throw
ok 628 - iswsl › Executing bundle for iswsl should not throw
# isyarnglobal › Executing bundle for isyarnglobal should not throw
ok 629 - isyarnglobal › Executing bundle for isyarnglobal should not throw
# iterateiterator › Executing bundle for iterateiterator should not throw
ok 630 - iterateiterator › Executing bundle for iterateiterator should not throw
# iteratevalue › Executing bundle for iteratevalue should not throw
ok 631 - iteratevalue › Executing bundle for iteratevalue should not throw
# jake › Executing bundle for jake should not throw
not ok 632 - jake › Executing bundle for jake should not throw
  * undefined
  ---
    name: AssertionError
    message: Test failed via `t.fail()`
    assertion: fail
    at: 'file://test/jake.js:10:14'
  ...
# jest › Executing bundle for jest should not throw
not ok 633 - jest › Executing bundle for jest should not throw
  * undefined
  ---
    name: AssertionError
    message: Test failed via `t.fail()`
    assertion: fail
    at: 'file://test/jest.js:10:14'
  ...
# jestchangedfiles › Executing bundle for jestchangedfiles should not throw
ok 634 - jestchangedfiles › Executing bundle for jestchangedfiles should not throw
# jestcli › Executing bundle for jestcli should not throw
not ok 635 - jestcli › Executing bundle for jestcli should not throw
  * undefined
  ---
    name: AssertionError
    message: Test failed via `t.fail()`
    assertion: fail
    at: 'file://test/jestcli.js:10:14'
  ...
# jestconfig › Executing bundle for jestconfig should not throw
not ok 636 - jestconfig › Executing bundle for jestconfig should not throw
  * undefined
  ---
    name: AssertionError
    message: Test failed via `t.fail()`
    assertion: fail
    at: 'file://test/jestconfig.js:10:14'
  ...
# jestdiff › Executing bundle for jestdiff should not throw
ok 637 - jestdiff › Executing bundle for jestdiff should not throw
# jestdocblock › Executing bundle for jestdocblock should not throw
ok 638 - jestdocblock › Executing bundle for jestdocblock should not throw
# jesteach › Executing bundle for jesteach should not throw
ok 639 - jesteach › Executing bundle for jesteach should not throw
# jestenvironmentjsdom › Executing bundle for jestenvironmentjsdom should not throw
not ok 640 - jestenvironmentjsdom › Executing bundle for jestenvironmentjsdom should not throw
  * undefined
  ---
    name: AssertionError
    message: Test failed via `t.fail()`
    assertion: fail
    at: 'file://test/jestenvironmentjsdom.js:10:14'
  ...
# jestenvironmentnode › Executing bundle for jestenvironmentnode should not throw
ok 641 - jestenvironmentnode › Executing bundle for jestenvironmentnode should not throw
# jestgettype › Executing bundle for jestgettype should not throw
ok 642 - jestgettype › Executing bundle for jestgettype should not throw
# jesthastemap › Executing bundle for jesthastemap should not throw
not ok 643 - jesthastemap › Executing bundle for jesthastemap should not throw
  * undefined
  ---
    name: AssertionError
    message: Test failed via `t.fail()`
    assertion: fail
    at: 'file://test/jesthastemap.js:10:14'
  ...
# jestjasmine › Executing bundle for jestjasmine should not throw
not ok 644 - jestjasmine › Executing bundle for jestjasmine should not throw
  * undefined
  ---
    name: AssertionError
    message: Test failed via `t.fail()`
    assertion: fail
    at: 'file://test/jestjasmine.js:10:14'
  ...
# jestleakdetector › Executing bundle for jestleakdetector should not throw
not ok 645 - jestleakdetector › Executing bundle for jestleakdetector should not throw
  * undefined
  ---
    name: AssertionError
    message: Test failed via `t.fail()`
    assertion: fail
    at: 'file://test/jestleakdetector.js:10:14'
  ...
# jestmatcherutils › Executing bundle for jestmatcherutils should not throw
ok 646 - jestmatcherutils › Executing bundle for jestmatcherutils should not throw
# jestmessageutil › Executing bundle for jestmessageutil should not throw
ok 647 - jestmessageutil › Executing bundle for jestmessageutil should not throw
# jestmock › Executing bundle for jestmock should not throw
ok 648 - jestmock › Executing bundle for jestmock should not throw
# jestpnpresolver › Executing bundle for jestpnpresolver should not throw
not ok 649 - jestpnpresolver › Executing bundle for jestpnpresolver should not throw
  * undefined
  ---
    name: AssertionError
    message: Test failed via `t.fail()`
    assertion: fail
    at: 'file://test/jestpnpresolver.js:10:14'
  ...
# jestregexutil › Executing bundle for jestregexutil should not throw
ok 650 - jestregexutil › Executing bundle for jestregexutil should not throw
# jestresolve › Executing bundle for jestresolve should not throw
not ok 651 - jestresolve › Executing bundle for jestresolve should not throw
  * undefined
  ---
    name: AssertionError
    message: Test failed via `t.fail()`
    assertion: fail
    at: 'file://test/jestresolve.js:10:14'
  ...
# jestresolvedependencies › Executing bundle for jestresolvedependencies should not throw
ok 652 - jestresolvedependencies › Executing bundle for jestresolvedependencies should not throw
# jestrunner › Executing bundle for jestrunner should not throw
not ok 653 - jestrunner › Executing bundle for jestrunner should not throw
  * undefined
  ---
    name: AssertionError
    message: Test failed via `t.fail()`
    assertion: fail
    at: 'file://test/jestrunner.js:10:14'
  ...
# jestruntime › Executing bundle for jestruntime should not throw
not ok 654 - jestruntime › Executing bundle for jestruntime should not throw
  * undefined
  ---
    name: AssertionError
    message: Test failed via `t.fail()`
    assertion: fail
    at: 'file://test/jestruntime.js:10:14'
  ...
# jestserializer › Executing bundle for jestserializer should not throw
ok 655 - jestserializer › Executing bundle for jestserializer should not throw
# jestsnapshot › Executing bundle for jestsnapshot should not throw
ok 656 - jestsnapshot › Executing bundle for jestsnapshot should not throw
# jestutil › Executing bundle for jestutil should not throw
ok 657 - jestutil › Executing bundle for jestutil should not throw
# jestvalidate › Executing bundle for jestvalidate should not throw
ok 658 - jestvalidate › Executing bundle for jestvalidate should not throw
# jestwatcher › Executing bundle for jestwatcher should not throw
ok 659 - jestwatcher › Executing bundle for jestwatcher should not throw
# jestworker › Executing bundle for jestworker should not throw
ok 660 - jestworker › Executing bundle for jestworker should not throw
# jmespath › Executing bundle for jmespath should not throw
ok 661 - jmespath › Executing bundle for jmespath should not throw
# jquery › Executing bundle for jquery should not throw
ok 662 - jquery › Executing bundle for jquery should not throw
# jsbase › Executing bundle for jsbase should not throw
ok 663 - jsbase › Executing bundle for jsbase should not throw
# jsbn › Executing bundle for jsbn should not throw
ok 664 - jsbn › Executing bundle for jsbn should not throw
# jsdoctypeparser › Executing bundle for jsdoctypeparser should not throw
ok 665 - jsdoctypeparser › Executing bundle for jsdoctypeparser should not throw
# jsdom › Executing bundle for jsdom should not throw
not ok 666 - jsdom › Executing bundle for jsdom should not throw
  * undefined
  ---
    name: AssertionError
    message: Test failed via `t.fail()`
    assertion: fail
    at: 'file://test/jsdom.js:10:14'
  ...
# jsesc › Executing bundle for jsesc should not throw
ok 667 - jsesc › Executing bundle for jsesc should not throw
# json › Executing bundle for json should not throw
ok 668 - json › Executing bundle for json should not throw
# jsonbuffer › Executing bundle for jsonbuffer should not throw
ok 669 - jsonbuffer › Executing bundle for jsonbuffer should not throw
# jsonfile › Executing bundle for jsonfile should not throw
ok 670 - jsonfile › Executing bundle for jsonfile should not throw
# jsonparse › Executing bundle for jsonparse should not throw
ok 671 - jsonparse › Executing bundle for jsonparse should not throw
# jsonparsebettererrors › Executing bundle for jsonparsebettererrors should not throw
ok 672 - jsonparsebettererrors › Executing bundle for jsonparsebettererrors should not throw
# jsonschema › Executing bundle for jsonschema should not throw
ok 673 - jsonschema › Executing bundle for jsonschema should not throw
# jsonschematraverse › Executing bundle for jsonschematraverse should not throw
ok 674 - jsonschematraverse › Executing bundle for jsonschematraverse should not throw
# jsonstablestringifywithoutjsonify › Executing bundle for jsonstablestringifywithoutjsonify should not throw
ok 675 - jsonstablestringifywithoutjsonify › Executing bundle for jsonstablestringifywithoutjsonify should not throw
# jsonstringifysafe › Executing bundle for jsonstringifysafe should not throw
ok 676 - jsonstringifysafe › Executing bundle for jsonstringifysafe should not throw
# jsonwebtoken › Executing bundle for jsonwebtoken should not throw
ok 677 - jsonwebtoken › Executing bundle for jsonwebtoken should not throw
# jsprim › Executing bundle for jsprim should not throw
ok 678 - jsprim › Executing bundle for jsprim should not throw
# jsstringescape › Executing bundle for jsstringescape should not throw
ok 679 - jsstringescape › Executing bundle for jsstringescape should not throw
# jstokens › Executing bundle for jstokens should not throw
ok 680 - jstokens › Executing bundle for jstokens should not throw
# jsxastutils › Executing bundle for jsxastutils should not throw
ok 681 - jsxastutils › Executing bundle for jsxastutils should not throw
# jsyaml › Executing bundle for jsyaml should not throw
ok 682 - jsyaml › Executing bundle for jsyaml should not throw
# justdebounce › Executing bundle for justdebounce should not throw
ok 683 - justdebounce › Executing bundle for justdebounce should not throw
# jwa › Executing bundle for jwa should not throw
ok 684 - jwa › Executing bundle for jwa should not throw
# jws › Executing bundle for jws should not throw
ok 685 - jws › Executing bundle for jws should not throw
# kareem › Executing bundle for kareem should not throw
ok 686 - kareem › Executing bundle for kareem should not throw
# keyv › Executing bundle for keyv should not throw
ok 687 - keyv › Executing bundle for keyv should not throw
# killable › Executing bundle for killable should not throw
ok 688 - killable › Executing bundle for killable should not throw
# kindof › Executing bundle for kindof should not throw
ok 689 - kindof › Executing bundle for kindof should not throw
# kleur › Executing bundle for kleur should not throw
ok 690 - kleur › Executing bundle for kleur should not throw
# klona › Executing bundle for klona should not throw
ok 691 - klona › Executing bundle for klona should not throw
# kuler › Executing bundle for kuler should not throw
ok 692 - kuler › Executing bundle for kuler should not throw
# languagesubtagregistry › Executing bundle for languagesubtagregistry should not throw
not ok 693 - languagesubtagregistry › Executing bundle for languagesubtagregistry should not throw
  * undefined
  ---
    name: AssertionError
    message: Test failed via `t.fail()`
    assertion: fail
    at: 'file://test/languagesubtagregistry.js:10:14'
  ...
# languagetags › Executing bundle for languagetags should not throw
ok 694 - languagetags › Executing bundle for languagetags should not throw
# latestversion › Executing bundle for latestversion should not throw
ok 695 - latestversion › Executing bundle for latestversion should not throw
# lazycache › Executing bundle for lazycache should not throw
ok 696 - lazycache › Executing bundle for lazycache should not throw
# lazystream › Executing bundle for lazystream should not throw
not ok 697 - lazystream › Executing bundle for lazystream should not throw
  * undefined
  ---
    name: AssertionError
    message: Test failed via `t.fail()`
    assertion: fail
    at: 'file://test/lazystream.js:10:14'
  ...
# lcid › Executing bundle for lcid should not throw
ok 698 - lcid › Executing bundle for lcid should not throw
# lead › Executing bundle for lead should not throw
not ok 699 - lead › Executing bundle for lead should not throw
  * undefined
  ---
    name: AssertionError
    message: Test failed via `t.fail()`
    assertion: fail
    at: 'file://test/lead.js:10:14'
  ...
# leven › Executing bundle for leven should not throw
ok 700 - leven › Executing bundle for leven should not throw
# levenary › Executing bundle for levenary should not throw
ok 701 - levenary › Executing bundle for levenary should not throw
# levn › Executing bundle for levn should not throw
ok 702 - levn › Executing bundle for levn should not throw
# liftoff › Executing bundle for liftoff should not throw
ok 703 - liftoff › Executing bundle for liftoff should not throw
# linesandcolumns › Executing bundle for linesandcolumns should not throw
ok 704 - linesandcolumns › Executing bundle for linesandcolumns should not throw
# loaderrunner › Executing bundle for loaderrunner should not throw
ok 705 - loaderrunner › Executing bundle for loaderrunner should not throw
# loaderutils › Executing bundle for loaderutils should not throw
ok 706 - loaderutils › Executing bundle for loaderutils should not throw
# loadjsonfile › Executing bundle for loadjsonfile should not throw
ok 707 - loadjsonfile › Executing bundle for loadjsonfile should not throw
# locatepath › Executing bundle for locatepath should not throw
ok 708 - locatepath › Executing bundle for locatepath should not throw
# lodash › Executing bundle for lodash should not throw
ok 709 - lodash › Executing bundle for lodash should not throw
# lodashbasecopy › Executing bundle for lodashbasecopy should not throw
ok 710 - lodashbasecopy › Executing bundle for lodashbasecopy should not throw
# lodashbasetostring › Executing bundle for lodashbasetostring should not throw
ok 711 - lodashbasetostring › Executing bundle for lodashbasetostring should not throw
# lodashbasevalues › Executing bundle for lodashbasevalues should not throw
ok 712 - lodashbasevalues › Executing bundle for lodashbasevalues should not throw
# lodashescape › Executing bundle for lodashescape should not throw
ok 713 - lodashescape › Executing bundle for lodashescape should not throw
# lodashgetnative › Executing bundle for lodashgetnative should not throw
ok 714 - lodashgetnative › Executing bundle for lodashgetnative should not throw
# lodashincludes › Executing bundle for lodashincludes should not throw
ok 715 - lodashincludes › Executing bundle for lodashincludes should not throw
# lodashisarguments › Executing bundle for lodashisarguments should not throw
ok 716 - lodashisarguments › Executing bundle for lodashisarguments should not throw
# lodashisarray › Executing bundle for lodashisarray should not throw
ok 717 - lodashisarray › Executing bundle for lodashisarray should not throw
# lodashisboolean › Executing bundle for lodashisboolean should not throw
ok 718 - lodashisboolean › Executing bundle for lodashisboolean should not throw
# lodashisinteger › Executing bundle for lodashisinteger should not throw
ok 719 - lodashisinteger › Executing bundle for lodashisinteger should not throw
# lodashisiterateecall › Executing bundle for lodashisiterateecall should not throw
ok 720 - lodashisiterateecall › Executing bundle for lodashisiterateecall should not throw
# lodashisnumber › Executing bundle for lodashisnumber should not throw
ok 721 - lodashisnumber › Executing bundle for lodashisnumber should not throw
# lodashisplainobject › Executing bundle for lodashisplainobject should not throw
ok 722 - lodashisplainobject › Executing bundle for lodashisplainobject should not throw
# lodashisstring › Executing bundle for lodashisstring should not throw
ok 723 - lodashisstring › Executing bundle for lodashisstring should not throw
# lodashkeys › Executing bundle for lodashkeys should not throw
ok 724 - lodashkeys › Executing bundle for lodashkeys should not throw
# lodashonce › Executing bundle for lodashonce should not throw
ok 725 - lodashonce › Executing bundle for lodashonce should not throw
# lodashreescape › Executing bundle for lodashreescape should not throw
ok 726 - lodashreescape › Executing bundle for lodashreescape should not throw
# lodashreevaluate › Executing bundle for lodashreevaluate should not throw
ok 727 - lodashreevaluate › Executing bundle for lodashreevaluate should not throw
# lodashreinterpolate › Executing bundle for lodashreinterpolate should not throw
ok 728 - lodashreinterpolate › Executing bundle for lodashreinterpolate should not throw
# lodashrestparam › Executing bundle for lodashrestparam should not throw
ok 729 - lodashrestparam › Executing bundle for lodashrestparam should not throw
# lodashroot › Executing bundle for lodashroot should not throw
ok 730 - lodashroot › Executing bundle for lodashroot should not throw
# lodashsortby › Executing bundle for lodashsortby should not throw
ok 731 - lodashsortby › Executing bundle for lodashsortby should not throw
# lodashtemplate › Executing bundle for lodashtemplate should not throw
ok 732 - lodashtemplate › Executing bundle for lodashtemplate should not throw
# lodashtemplatesettings › Executing bundle for lodashtemplatesettings should not throw
ok 733 - lodashtemplatesettings › Executing bundle for lodashtemplatesettings should not throw
# logform › Executing bundle for logform should not throw
ok 734 - logform › Executing bundle for logform should not throw
# loglevel › Executing bundle for loglevel should not throw
ok 735 - loglevel › Executing bundle for loglevel should not throw
# logsymbols › Executing bundle for logsymbols should not throw
ok 736 - logsymbols › Executing bundle for logsymbols should not throw
# looseenvify › Executing bundle for looseenvify should not throw
ok 737 - looseenvify › Executing bundle for looseenvify should not throw
# loudrejection › Executing bundle for loudrejection should not throw
ok 738 - loudrejection › Executing bundle for loudrejection should not throw
# lowercase › Executing bundle for lowercase should not throw
ok 739 - lowercase › Executing bundle for lowercase should not throw
# lowercasekeys › Executing bundle for lowercasekeys should not throw
ok 740 - lowercasekeys › Executing bundle for lowercasekeys should not throw
# lrucache › Executing bundle for lrucache should not throw
ok 741 - lrucache › Executing bundle for lrucache should not throw
# magicstring › Executing bundle for magicstring should not throw
ok 742 - magicstring › Executing bundle for magicstring should not throw
# makedir › Executing bundle for makedir should not throw
ok 743 - makedir › Executing bundle for makedir should not throw
# makeerror › Executing bundle for makeerror should not throw
ok 744 - makeerror › Executing bundle for makeerror should not throw
# makeiterator › Executing bundle for makeiterator should not throw
ok 745 - makeiterator › Executing bundle for makeiterator should not throw
# mapagecleaner › Executing bundle for mapagecleaner should not throw
ok 746 - mapagecleaner › Executing bundle for mapagecleaner should not throw
# mapcache › Executing bundle for mapcache should not throw
ok 747 - mapcache › Executing bundle for mapcache should not throw
# mapobj › Executing bundle for mapobj should not throw
ok 748 - mapobj › Executing bundle for mapobj should not throw
# mapvisit › Executing bundle for mapvisit should not throw
ok 749 - mapvisit › Executing bundle for mapvisit should not throw
# matchdep › Executing bundle for matchdep should not throw
ok 750 - matchdep › Executing bundle for matchdep should not throw
# matcher › Executing bundle for matcher should not throw
ok 751 - matcher › Executing bundle for matcher should not throw
# mdhex › Executing bundle for mdhex should not throw
ok 752 - mdhex › Executing bundle for mdhex should not throw
# mdjs › Executing bundle for mdjs should not throw
not ok 753 - mdjs › Executing bundle for mdjs should not throw
  * undefined
  ---
    name: AssertionError
    message: Test failed via `t.fail()`
    assertion: fail
    at: 'file://test/mdjs.js:10:14'
  ...
# mediatyper › Executing bundle for mediatyper should not throw
ok 754 - mediatyper › Executing bundle for mediatyper should not throw
# mem › Executing bundle for mem should not throw
ok 755 - mem › Executing bundle for mem should not throw
# memfs › Executing bundle for memfs should not throw
not ok 756 - memfs › Executing bundle for memfs should not throw
  * undefined
  ---
    name: AssertionError
    message: Test failed via `t.fail()`
    assertion: fail
    at: 'file://test/memfs.js:10:14'
  ...
# memfseditor › Executing bundle for memfseditor should not throw
not ok 757 - memfseditor › Executing bundle for memfseditor should not throw
  * undefined
  ---
    name: AssertionError
    message: Test failed via `t.fail()`
    assertion: fail
    at: 'file://test/memfseditor.js:10:14'
  ...
# memoryfs › Executing bundle for memoryfs should not throw
not ok 758 - memoryfs › Executing bundle for memoryfs should not throw
  * undefined
  ---
    name: AssertionError
    message: Test failed via `t.fail()`
    assertion: fail
    at: 'file://test/memoryfs.js:10:14'
  ...
# memorypager › Executing bundle for memorypager should not throw
ok 759 - memorypager › Executing bundle for memorypager should not throw
# meow › Executing bundle for meow should not throw
not ok 760 - meow › Executing bundle for meow should not throw
  * undefined
  ---
    name: AssertionError
    message: Test failed via `t.fail()`
    assertion: fail
    at: 'file://test/meow.js:10:14'
  ...
# merge › Executing bundle for merge should not throw
ok 761 - merge › Executing bundle for merge should not throw
# mergedescriptors › Executing bundle for mergedescriptors should not throw
ok 762 - mergedescriptors › Executing bundle for mergedescriptors should not throw
# mergestream › Executing bundle for mergestream should not throw
ok 763 - mergestream › Executing bundle for mergestream should not throw
# methods › Executing bundle for methods should not throw
ok 764 - methods › Executing bundle for methods should not throw
# micromatch › Executing bundle for micromatch should not throw
ok 765 - micromatch › Executing bundle for micromatch should not throw
# millerrabin › Executing bundle for millerrabin should not throw
ok 766 - millerrabin › Executing bundle for millerrabin should not throw
# mime › Executing bundle for mime should not throw
ok 767 - mime › Executing bundle for mime should not throw
# mimedb › Executing bundle for mimedb should not throw
ok 768 - mimedb › Executing bundle for mimedb should not throw
# mimetypes › Executing bundle for mimetypes should not throw
ok 769 - mimetypes › Executing bundle for mimetypes should not throw
# mimicfn › Executing bundle for mimicfn should not throw
ok 770 - mimicfn › Executing bundle for mimicfn should not throw
# mimicresponse › Executing bundle for mimicresponse should not throw
ok 771 - mimicresponse › Executing bundle for mimicresponse should not throw
# minicreatereactcontext › Executing bundle for minicreatereactcontext should not throw
ok 772 - minicreatereactcontext › Executing bundle for minicreatereactcontext should not throw
# minimalisticassert › Executing bundle for minimalisticassert should not throw
ok 773 - minimalisticassert › Executing bundle for minimalisticassert should not throw
# minimalisticcryptoutils › Executing bundle for minimalisticcryptoutils should not throw
ok 774 - minimalisticcryptoutils › Executing bundle for minimalisticcryptoutils should not throw
# minimatch › Executing bundle for minimatch should not throw
ok 775 - minimatch › Executing bundle for minimatch should not throw
# minimist › Executing bundle for minimist should not throw
ok 776 - minimist › Executing bundle for minimist should not throw
# mississippi › Executing bundle for mississippi should not throw
not ok 777 - mississippi › Executing bundle for mississippi should not throw
  * undefined
  ---
    name: AssertionError
    message: Test failed via `t.fail()`
    assertion: fail
    at: 'file://test/mississippi.js:10:14'
  ...
# mixindeep › Executing bundle for mixindeep should not throw
ok 778 - mixindeep › Executing bundle for mixindeep should not throw
# mkdirp › Executing bundle for mkdirp should not throw
ok 779 - mkdirp › Executing bundle for mkdirp should not throw
# mocha › Executing bundle for mocha should not throw
not ok 780 - mocha › Executing bundle for mocha should not throw
  * undefined
  ---
    name: AssertionError
    message: Test failed via `t.fail()`
    assertion: fail
    at: 'file://test/mocha.js:10:14'
  ...
# moment › Executing bundle for moment should not throw
ok 781 - moment › Executing bundle for moment should not throw
# mongodb › Executing bundle for mongodb should not throw
not ok 782 - mongodb › Executing bundle for mongodb should not throw
  * undefined
  ---
    name: AssertionError
    message: Test failed via `t.fail()`
    assertion: fail
    at: 'file://test/mongodb.js:10:14'
  ...
# mongoose › Executing bundle for mongoose should not throw
not ok 783 - mongoose › Executing bundle for mongoose should not throw
  * undefined
  ---
    name: AssertionError
    message: Test failed via `t.fail()`
    assertion: fail
    at: 'file://test/mongoose.js:10:14'
  ...
# mongooselegacypluralize › Executing bundle for mongooselegacypluralize should not throw
ok 784 - mongooselegacypluralize › Executing bundle for mongooselegacypluralize should not throw
# morgan › Executing bundle for morgan should not throw
not ok 785 - morgan › Executing bundle for morgan should not throw
  * undefined
  ---
    name: AssertionError
    message: Test failed via `t.fail()`
    assertion: fail
    at: 'file://test/morgan.js:10:14'
  ...
# moveconcurrently › Executing bundle for moveconcurrently should not throw
not ok 786 - moveconcurrently › Executing bundle for moveconcurrently should not throw
  * undefined
  ---
    name: AssertionError
    message: Test failed via `t.fail()`
    assertion: fail
    at: 'file://test/moveconcurrently.js:10:14'
  ...
# mpath › Executing bundle for mpath should not throw
ok 787 - mpath › Executing bundle for mpath should not throw
# mquery › Executing bundle for mquery should not throw
ok 788 - mquery › Executing bundle for mquery should not throw
# ms › Executing bundle for ms should not throw
ok 789 - ms › Executing bundle for ms should not throw
# multicastdns › Executing bundle for multicastdns should not throw
ok 790 - multicastdns › Executing bundle for multicastdns should not throw
# multicastdnsservicetypes › Executing bundle for multicastdnsservicetypes should not throw
ok 791 - multicastdnsservicetypes › Executing bundle for multicastdnsservicetypes should not throw
# multimatch › Executing bundle for multimatch should not throw
ok 792 - multimatch › Executing bundle for multimatch should not throw
# multipipe › Executing bundle for multipipe should not throw
not ok 793 - multipipe › Executing bundle for multipipe should not throw
  * undefined
  ---
    name: AssertionError
    message: Test failed via `t.fail()`
    assertion: fail
    at: 'file://test/multipipe.js:10:14'
  ...
# mutestdout › Executing bundle for mutestdout should not throw
ok 794 - mutestdout › Executing bundle for mutestdout should not throw
# mutestream › Executing bundle for mutestream should not throw
ok 795 - mutestream › Executing bundle for mutestream should not throw
# nan › Executing bundle for nan should not throw
not ok 796 - nan › Executing bundle for nan should not throw
  * undefined
  ---
    name: AssertionError
    message: Test failed via `t.fail()`
    assertion: fail
    at: 'file://test/nan.js:10:14'
  ...
# nanomatch › Executing bundle for nanomatch should not throw
ok 797 - nanomatch › Executing bundle for nanomatch should not throw
# naturalcompare › Executing bundle for naturalcompare should not throw
ok 798 - naturalcompare › Executing bundle for naturalcompare should not throw
# negotiator › Executing bundle for negotiator should not throw
ok 799 - negotiator › Executing bundle for negotiator should not throw
# neoasync › Executing bundle for neoasync should not throw
ok 800 - neoasync › Executing bundle for neoasync should not throw
# nexttick › Executing bundle for nexttick should not throw
ok 801 - nexttick › Executing bundle for nexttick should not throw
# nicetry › Executing bundle for nicetry should not throw
ok 802 - nicetry › Executing bundle for nicetry should not throw
# nocase › Executing bundle for nocase should not throw
ok 803 - nocase › Executing bundle for nocase should not throw
# nodefetch › Executing bundle for nodefetch should not throw
ok 804 - nodefetch › Executing bundle for nodefetch should not throw
# nodeforge › Executing bundle for nodeforge should not throw
ok 805 - nodeforge › Executing bundle for nodeforge should not throw
# nodegyp › Executing bundle for nodegyp should not throw
not ok 806 - nodegyp › Executing bundle for nodegyp should not throw
  * undefined
  ---
    name: AssertionError
    message: Test failed via `t.fail()`
    assertion: fail
    at: 'file://test/nodegyp.js:10:14'
  ...
# nodeint › Executing bundle for nodeint should not throw
ok 807 - nodeint › Executing bundle for nodeint should not throw
# nodelibsbrowser › Executing bundle for nodelibsbrowser should not throw
not ok 808 - nodelibsbrowser › Executing bundle for nodelibsbrowser should not throw
  * undefined
  ---
    name: AssertionError
    message: Test failed via `t.fail()`
    assertion: fail
    at: 'file://test/nodelibsbrowser.js:10:14'
  ...
# nodemodulesregexp › Executing bundle for nodemodulesregexp should not throw
ok 809 - nodemodulesregexp › Executing bundle for nodemodulesregexp should not throw
# nodenotifier › Executing bundle for nodenotifier should not throw
not ok 810 - nodenotifier › Executing bundle for nodenotifier should not throw
  * undefined
  ---
    name: AssertionError
    message: Test failed via `t.fail()`
    assertion: fail
    at: 'file://test/nodenotifier.js:10:14'
  ...
# nodereleases › Executing bundle for nodereleases should not throw
not ok 811 - nodereleases › Executing bundle for nodereleases should not throw
  * undefined
  ---
    name: AssertionError
    message: Test failed via `t.fail()`
    assertion: fail
    at: 'file://test/nodereleases.js:10:14'
  ...
# nodesass › Executing bundle for nodesass should not throw
not ok 812 - nodesass › Executing bundle for nodesass should not throw
  * undefined
  ---
    name: AssertionError
    message: Test failed via `t.fail()`
    assertion: fail
    at: 'file://test/nodesass.js:10:14'
  ...
# nopt › Executing bundle for nopt should not throw
ok 813 - nopt › Executing bundle for nopt should not throw
# normalizepackagedata › Executing bundle for normalizepackagedata should not throw
ok 814 - normalizepackagedata › Executing bundle for normalizepackagedata should not throw
# normalizepath › Executing bundle for normalizepath should not throw
ok 815 - normalizepath › Executing bundle for normalizepath should not throw
# normalizerange › Executing bundle for normalizerange should not throw
ok 816 - normalizerange › Executing bundle for normalizerange should not throw
# normalizeurl › Executing bundle for normalizeurl should not throw
ok 817 - normalizeurl › Executing bundle for normalizeurl should not throw
# nowandlater › Executing bundle for nowandlater should not throw
ok 818 - nowandlater › Executing bundle for nowandlater should not throw
# npmapi › Executing bundle for npmapi should not throw
not ok 819 - npmapi › Executing bundle for npmapi should not throw
  * undefined
  ---
    name: AssertionError
    message: Test failed via `t.fail()`
    assertion: fail
    at: 'file://test/npmapi.js:10:14'
  ...
# npmlog › Executing bundle for npmlog should not throw
not ok 820 - npmlog › Executing bundle for npmlog should not throw
  * undefined
  ---
    name: AssertionError
    message: Test failed via `t.fail()`
    assertion: fail
    at: 'file://test/npmlog.js:10:14'
  ...
# npmrunpath › Executing bundle for npmrunpath should not throw
ok 821 - npmrunpath › Executing bundle for npmrunpath should not throw
# nthcheck › Executing bundle for nthcheck should not throw
ok 822 - nthcheck › Executing bundle for nthcheck should not throw
# numberisnan › Executing bundle for numberisnan should not throw
ok 823 - numberisnan › Executing bundle for numberisnan should not throw
# numfraction › Executing bundle for numfraction should not throw
ok 824 - numfraction › Executing bundle for numfraction should not throw
# nwsapi › Executing bundle for nwsapi should not throw
ok 825 - nwsapi › Executing bundle for nwsapi should not throw
# oauthsign › Executing bundle for oauthsign should not throw
ok 826 - oauthsign › Executing bundle for oauthsign should not throw
# objectassign › Executing bundle for objectassign should not throw
ok 827 - objectassign › Executing bundle for objectassign should not throw
# objectcomponent › Executing bundle for objectcomponent should not throw
ok 828 - objectcomponent › Executing bundle for objectcomponent should not throw
# objectcopy › Executing bundle for objectcopy should not throw
ok 829 - objectcopy › Executing bundle for objectcopy should not throw
# objectdefaults › Executing bundle for objectdefaults should not throw
ok 830 - objectdefaults › Executing bundle for objectdefaults should not throw
# objectentries › Executing bundle for objectentries should not throw
ok 831 - objectentries › Executing bundle for objectentries should not throw
# objectfromentries › Executing bundle for objectfromentries should not throw
ok 832 - objectfromentries › Executing bundle for objectfromentries should not throw
# objectgetownpropertydescriptors › Executing bundle for objectgetownpropertydescriptors should not throw
ok 833 - objectgetownpropertydescriptors › Executing bundle for objectgetownpropertydescriptors should not throw
# objectinspect › Executing bundle for objectinspect should not throw
ok 834 - objectinspect › Executing bundle for objectinspect should not throw
# objectis › Executing bundle for objectis should not throw
ok 835 - objectis › Executing bundle for objectis should not throw
# objectkeys › Executing bundle for objectkeys should not throw
ok 836 - objectkeys › Executing bundle for objectkeys should not throw
# objectmap › Executing bundle for objectmap should not throw
ok 837 - objectmap › Executing bundle for objectmap should not throw
# objectpick › Executing bundle for objectpick should not throw
ok 838 - objectpick › Executing bundle for objectpick should not throw
# objectreduce › Executing bundle for objectreduce should not throw
ok 839 - objectreduce › Executing bundle for objectreduce should not throw
# objectvalues › Executing bundle for objectvalues should not throw
ok 840 - objectvalues › Executing bundle for objectvalues should not throw
# objectvisit › Executing bundle for objectvisit should not throw
ok 841 - objectvisit › Executing bundle for objectvisit should not throw
# obuf › Executing bundle for obuf should not throw
ok 842 - obuf › Executing bundle for obuf should not throw
# once › Executing bundle for once should not throw
ok 843 - once › Executing bundle for once should not throw
# onetime › Executing bundle for onetime should not throw
ok 844 - onetime › Executing bundle for onetime should not throw
# onfinished › Executing bundle for onfinished should not throw
ok 845 - onfinished › Executing bundle for onfinished should not throw
# onheaders › Executing bundle for onheaders should not throw
ok 846 - onheaders › Executing bundle for onheaders should not throw
# opn › Executing bundle for opn should not throw
ok 847 - opn › Executing bundle for opn should not throw
# optionator › Executing bundle for optionator should not throw
ok 848 - optionator › Executing bundle for optionator should not throw
# ora › Executing bundle for ora should not throw
ok 849 - ora › Executing bundle for ora should not throw
# orderedreadstreams › Executing bundle for orderedreadstreams should not throw
not ok 850 - orderedreadstreams › Executing bundle for orderedreadstreams should not throw
  * undefined
  ---
    name: AssertionError
    message: Test failed via `t.fail()`
    assertion: fail
    at: 'file://test/orderedreadstreams.js:10:14'
  ...
# original › Executing bundle for original should not throw
ok 851 - original › Executing bundle for original should not throw
# osbrowserify › Executing bundle for osbrowserify should not throw
ok 852 - osbrowserify › Executing bundle for osbrowserify should not throw
# osenv › Executing bundle for osenv should not throw
ok 853 - osenv › Executing bundle for osenv should not throw
# oshomedir › Executing bundle for oshomedir should not throw
ok 854 - oshomedir › Executing bundle for oshomedir should not throw
# oslocale › Executing bundle for oslocale should not throw
ok 855 - oslocale › Executing bundle for oslocale should not throw
# ostmpdir › Executing bundle for ostmpdir should not throw
ok 856 - ostmpdir › Executing bundle for ostmpdir should not throw
# packagejson › Executing bundle for packagejson should not throw
ok 857 - packagejson › Executing bundle for packagejson should not throw
# pagedrequest › Executing bundle for pagedrequest should not throw
ok 858 - pagedrequest › Executing bundle for pagedrequest should not throw
# pako › Executing bundle for pako should not throw
ok 859 - pako › Executing bundle for pako should not throw
# paralleltransform › Executing bundle for paralleltransform should not throw
not ok 860 - paralleltransform › Executing bundle for paralleltransform should not throw
  * undefined
  ---
    name: AssertionError
    message: Test failed via `t.fail()`
    assertion: fail
    at: 'file://test/paralleltransform.js:10:14'
  ...
# paramcase › Executing bundle for paramcase should not throw
ok 861 - paramcase › Executing bundle for paramcase should not throw
# parentmodule › Executing bundle for parentmodule should not throw
ok 862 - parentmodule › Executing bundle for parentmodule should not throw
# parse › Executing bundle for parse should not throw
ok 863 - parse › Executing bundle for parse should not throw
# parseasn › Executing bundle for parseasn should not throw
not ok 864 - parseasn › Executing bundle for parseasn should not throw
  * undefined
  ---
    name: AssertionError
    message: Test failed via `t.fail()`
    assertion: fail
    at: 'file://test/parseasn.js:10:14'
  ...
# parsefilepath › Executing bundle for parsefilepath should not throw
ok 865 - parsefilepath › Executing bundle for parsefilepath should not throw
# parsejson › Executing bundle for parsejson should not throw
ok 866 - parsejson › Executing bundle for parsejson should not throw
# parsems › Executing bundle for parsems should not throw
ok 867 - parsems › Executing bundle for parsems should not throw
# parsenodeversion › Executing bundle for parsenodeversion should not throw
ok 868 - parsenodeversion › Executing bundle for parsenodeversion should not throw
# parsepasswd › Executing bundle for parsepasswd should not throw
ok 869 - parsepasswd › Executing bundle for parsepasswd should not throw
# parseqs › Executing bundle for parseqs should not throw
ok 870 - parseqs › Executing bundle for parseqs should not throw
# parseuri › Executing bundle for parseuri should not throw
ok 871 - parseuri › Executing bundle for parseuri should not throw
# parseurl › Executing bundle for parseurl should not throw
ok 872 - parseurl › Executing bundle for parseurl should not throw
# pascalcase › Executing bundle for pascalcase should not throw
ok 873 - pascalcase › Executing bundle for pascalcase should not throw
# path › Executing bundle for path should not throw
ok 874 - path › Executing bundle for path should not throw
# pathbrowserify › Executing bundle for pathbrowserify should not throw
ok 875 - pathbrowserify › Executing bundle for pathbrowserify should not throw
# pathdirname › Executing bundle for pathdirname should not throw
ok 876 - pathdirname › Executing bundle for pathdirname should not throw
# pathexists › Executing bundle for pathexists should not throw
ok 877 - pathexists › Executing bundle for pathexists should not throw
# pathisabsolute › Executing bundle for pathisabsolute should not throw
ok 878 - pathisabsolute › Executing bundle for pathisabsolute should not throw
# pathisinside › Executing bundle for pathisinside should not throw
ok 879 - pathisinside › Executing bundle for pathisinside should not throw
# pathkey › Executing bundle for pathkey should not throw
ok 880 - pathkey › Executing bundle for pathkey should not throw
# pathparse › Executing bundle for pathparse should not throw
ok 881 - pathparse › Executing bundle for pathparse should not throw
# pathroot › Executing bundle for pathroot should not throw
ok 882 - pathroot › Executing bundle for pathroot should not throw
# pathrootregex › Executing bundle for pathrootregex should not throw
ok 883 - pathrootregex › Executing bundle for pathrootregex should not throw
# pathtoregexp › Executing bundle for pathtoregexp should not throw
ok 884 - pathtoregexp › Executing bundle for pathtoregexp should not throw
# pathtype › Executing bundle for pathtype should not throw
ok 885 - pathtype › Executing bundle for pathtype should not throw
# pathval › Executing bundle for pathval should not throw
ok 886 - pathval › Executing bundle for pathval should not throw
# pbkdf › Executing bundle for pbkdf should not throw
ok 887 - pbkdf › Executing bundle for pbkdf should not throw
# pcancelable › Executing bundle for pcancelable should not throw
ok 888 - pcancelable › Executing bundle for pcancelable should not throw
# pdefer › Executing bundle for pdefer should not throw
ok 889 - pdefer › Executing bundle for pdefer should not throw
# peachseries › Executing bundle for peachseries should not throw
ok 890 - peachseries › Executing bundle for peachseries should not throw
# performancenow › Executing bundle for performancenow should not throw
ok 891 - performancenow › Executing bundle for performancenow should not throw
# pfinally › Executing bundle for pfinally should not throw
ok 892 - pfinally › Executing bundle for pfinally should not throw
# picomatch › Executing bundle for picomatch should not throw
ok 893 - picomatch › Executing bundle for picomatch should not throw
# pify › Executing bundle for pify should not throw
ok 894 - pify › Executing bundle for pify should not throw
# pinkie › Executing bundle for pinkie should not throw
ok 895 - pinkie › Executing bundle for pinkie should not throw
# pinkiepromise › Executing bundle for pinkiepromise should not throw
ok 896 - pinkiepromise › Executing bundle for pinkiepromise should not throw
# pirates › Executing bundle for pirates should not throw
ok 897 - pirates › Executing bundle for pirates should not throw
# pkgconf › Executing bundle for pkgconf should not throw
ok 898 - pkgconf › Executing bundle for pkgconf should not throw
# pkgdir › Executing bundle for pkgdir should not throw
ok 899 - pkgdir › Executing bundle for pkgdir should not throw
# plimit › Executing bundle for plimit should not throw
ok 900 - plimit › Executing bundle for plimit should not throw
# plocate › Executing bundle for plocate should not throw
ok 901 - plocate › Executing bundle for plocate should not throw
# plur › Executing bundle for plur should not throw
ok 902 - plur › Executing bundle for plur should not throw
# pmap › Executing bundle for pmap should not throw
ok 903 - pmap › Executing bundle for pmap should not throw
# portfinder › Executing bundle for portfinder should not throw
ok 904 - portfinder › Executing bundle for portfinder should not throw
# posixcharacterclasses › Executing bundle for posixcharacterclasses should not throw
ok 905 - posixcharacterclasses › Executing bundle for posixcharacterclasses should not throw
# postcss › Executing bundle for postcss should not throw
not ok 906 - postcss › Executing bundle for postcss should not throw
  * undefined
  ---
    name: AssertionError
    message: Test failed via `t.fail()`
    assertion: fail
    at: 'file://test/postcss.js:10:14'
  ...
# postcssloadconfig › Executing bundle for postcssloadconfig should not throw
ok 907 - postcssloadconfig › Executing bundle for postcssloadconfig should not throw
# postcssloader › Executing bundle for postcssloader should not throw
not ok 908 - postcssloader › Executing bundle for postcssloader should not throw
  * undefined
  ---
    name: AssertionError
    message: Test failed via `t.fail()`
    assertion: fail
    at: 'file://test/postcssloader.js:10:14'
  ...
# postcssmodulesextractimports › Executing bundle for postcssmodulesextractimports should not throw
not ok 909 - postcssmodulesextractimports › Executing bundle for postcssmodulesextractimports should not throw
  * undefined
  ---
    name: AssertionError
    message: Test failed via `t.fail()`
    assertion: fail
    at: 'file://test/postcssmodulesextractimports.js:10:14'
  ...
# postcssmoduleslocalbydefault › Executing bundle for postcssmoduleslocalbydefault should not throw
not ok 910 - postcssmoduleslocalbydefault › Executing bundle for postcssmoduleslocalbydefault should not throw
  * undefined
  ---
    name: AssertionError
    message: Test failed via `t.fail()`
    assertion: fail
    at: 'file://test/postcssmoduleslocalbydefault.js:10:14'
  ...
# postcssmodulesscope › Executing bundle for postcssmodulesscope should not throw
not ok 911 - postcssmodulesscope › Executing bundle for postcssmodulesscope should not throw
  * undefined
  ---
    name: AssertionError
    message: Test failed via `t.fail()`
    assertion: fail
    at: 'file://test/postcssmodulesscope.js:10:14'
  ...
# postcssmodulesvalues › Executing bundle for postcssmodulesvalues should not throw
not ok 912 - postcssmodulesvalues › Executing bundle for postcssmodulesvalues should not throw
  * undefined
  ---
    name: AssertionError
    message: Test failed via `t.fail()`
    assertion: fail
    at: 'file://test/postcssmodulesvalues.js:10:14'
  ...
# postcssselectorparser › Executing bundle for postcssselectorparser should not throw
ok 913 - postcssselectorparser › Executing bundle for postcssselectorparser should not throw
# postcssvalueparser › Executing bundle for postcssvalueparser should not throw
ok 914 - postcssvalueparser › Executing bundle for postcssvalueparser should not throw
# preludels › Executing bundle for preludels should not throw
ok 915 - preludels › Executing bundle for preludels should not throw
# prependhttp › Executing bundle for prependhttp should not throw
ok 916 - prependhttp › Executing bundle for prependhttp should not throw
# pretry › Executing bundle for pretry should not throw
ok 917 - pretry › Executing bundle for pretry should not throw
# prettybytes › Executing bundle for prettybytes should not throw
ok 918 - prettybytes › Executing bundle for prettybytes should not throw
# prettyerror › Executing bundle for prettyerror should not throw
not ok 919 - prettyerror › Executing bundle for prettyerror should not throw
  * undefined
  ---
    name: AssertionError
    message: Test failed via `t.fail()`
    assertion: fail
    at: 'file://test/prettyerror.js:10:14'
  ...
# prettyformat › Executing bundle for prettyformat should not throw
ok 920 - prettyformat › Executing bundle for prettyformat should not throw
# prettyhrtime › Executing bundle for prettyhrtime should not throw
ok 921 - prettyhrtime › Executing bundle for prettyhrtime should not throw
# prettyms › Executing bundle for prettyms should not throw
ok 922 - prettyms › Executing bundle for prettyms should not throw
# process › Executing bundle for process should not throw
ok 923 - process › Executing bundle for process should not throw
# processnextickargs › Executing bundle for processnextickargs should not throw
ok 924 - processnextickargs › Executing bundle for processnextickargs should not throw
# progress › Executing bundle for progress should not throw
ok 925 - progress › Executing bundle for progress should not throw
# promiseallsettled › Executing bundle for promiseallsettled should not throw
ok 926 - promiseallsettled › Executing bundle for promiseallsettled should not throw
# promiseinflight › Executing bundle for promiseinflight should not throw
ok 927 - promiseinflight › Executing bundle for promiseinflight should not throw
# prompts › Executing bundle for prompts should not throw
ok 928 - prompts › Executing bundle for prompts should not throw
# proptypes › Executing bundle for proptypes should not throw
ok 929 - proptypes › Executing bundle for proptypes should not throw
# proxyaddr › Executing bundle for proxyaddr should not throw
ok 930 - proxyaddr › Executing bundle for proxyaddr should not throw
# prr › Executing bundle for prr should not throw
ok 931 - prr › Executing bundle for prr should not throw
# pseudomap › Executing bundle for pseudomap should not throw
ok 932 - pseudomap › Executing bundle for pseudomap should not throw
# psl › Executing bundle for psl should not throw
ok 933 - psl › Executing bundle for psl should not throw
# ptry › Executing bundle for ptry should not throw
ok 934 - ptry › Executing bundle for ptry should not throw
# publicencrypt › Executing bundle for publicencrypt should not throw
not ok 935 - publicencrypt › Executing bundle for publicencrypt should not throw
  * undefined
  ---
    name: AssertionError
    message: Test failed via `t.fail()`
    assertion: fail
    at: 'file://test/publicencrypt.js:10:14'
  ...
# pump › Executing bundle for pump should not throw
ok 936 - pump › Executing bundle for pump should not throw
# pumpify › Executing bundle for pumpify should not throw
not ok 937 - pumpify › Executing bundle for pumpify should not throw
  * undefined
  ---
    name: AssertionError
    message: Test failed via `t.fail()`
    assertion: fail
    at: 'file://test/pumpify.js:10:14'
  ...
# punycode › Executing bundle for punycode should not throw
ok 938 - punycode › Executing bundle for punycode should not throw
# pupa › Executing bundle for pupa should not throw
ok 939 - pupa › Executing bundle for pupa should not throw
# q › Executing bundle for q should not throw
ok 940 - q › Executing bundle for q should not throw
# qs › Executing bundle for qs should not throw
ok 941 - qs › Executing bundle for qs should not throw
# querystring › Executing bundle for querystring should not throw
ok 942 - querystring › Executing bundle for querystring should not throw
# querystringes › Executing bundle for querystringes should not throw
ok 943 - querystringes › Executing bundle for querystringes should not throw
# querystringify › Executing bundle for querystringify should not throw
ok 944 - querystringify › Executing bundle for querystringify should not throw
# ramda › Executing bundle for ramda should not throw
ok 945 - ramda › Executing bundle for ramda should not throw
# randombytes › Executing bundle for randombytes should not throw
ok 946 - randombytes › Executing bundle for randombytes should not throw
# randomfill › Executing bundle for randomfill should not throw
ok 947 - randomfill › Executing bundle for randomfill should not throw
# rangeparser › Executing bundle for rangeparser should not throw
ok 948 - rangeparser › Executing bundle for rangeparser should not throw
# rawbody › Executing bundle for rawbody should not throw
ok 949 - rawbody › Executing bundle for rawbody should not throw
# rc › Executing bundle for rc should not throw
ok 950 - rc › Executing bundle for rc should not throw
# react › Executing bundle for react should not throw
ok 951 - react › Executing bundle for react should not throw
# reactdom › Executing bundle for reactdom should not throw
ok 952 - reactdom › Executing bundle for reactdom should not throw
# reactis › Executing bundle for reactis should not throw
ok 953 - reactis › Executing bundle for reactis should not throw
# reactredux › Executing bundle for reactredux should not throw
ok 954 - reactredux › Executing bundle for reactredux should not throw
# reactrouter › Executing bundle for reactrouter should not throw
ok 955 - reactrouter › Executing bundle for reactrouter should not throw
# reactrouterdom › Executing bundle for reactrouterdom should not throw
ok 956 - reactrouterdom › Executing bundle for reactrouterdom should not throw
# readablestream › Executing bundle for readablestream should not throw
not ok 957 - readablestream › Executing bundle for readablestream should not throw
  * undefined
  ---
    name: AssertionError
    message: Test failed via `t.fail()`
    assertion: fail
    at: 'file://test/readablestream.js:10:14'
  ...
# readchunk › Executing bundle for readchunk should not throw
ok 958 - readchunk › Executing bundle for readchunk should not throw
# readdirp › Executing bundle for readdirp should not throw
ok 959 - readdirp › Executing bundle for readdirp should not throw
# readpkg › Executing bundle for readpkg should not throw
ok 960 - readpkg › Executing bundle for readpkg should not throw
# readpkgup › Executing bundle for readpkgup should not throw
ok 961 - readpkgup › Executing bundle for readpkgup should not throw
# rechoir › Executing bundle for rechoir should not throw
ok 962 - rechoir › Executing bundle for rechoir should not throw
# redent › Executing bundle for redent should not throw
ok 963 - redent › Executing bundle for redent should not throw
# redis › Executing bundle for redis should not throw
not ok 964 - redis › Executing bundle for redis should not throw
  * undefined
  ---
    name: AssertionError
    message: Test failed via `t.fail()`
    assertion: fail
    at: 'file://test/redis.js:10:14'
  ...
# rediscommands › Executing bundle for rediscommands should not throw
ok 965 - rediscommands › Executing bundle for rediscommands should not throw
# rediserrors › Executing bundle for rediserrors should not throw
ok 966 - rediserrors › Executing bundle for rediserrors should not throw
# redisparser › Executing bundle for redisparser should not throw
ok 967 - redisparser › Executing bundle for redisparser should not throw
# redux › Executing bundle for redux should not throw
ok 968 - redux › Executing bundle for redux should not throw
# reflectmetadata › Executing bundle for reflectmetadata should not throw
ok 969 - reflectmetadata › Executing bundle for reflectmetadata should not throw
# regenerate › Executing bundle for regenerate should not throw
ok 970 - regenerate › Executing bundle for regenerate should not throw
# regenerateunicodeproperties › Executing bundle for regenerateunicodeproperties should not throw
ok 971 - regenerateunicodeproperties › Executing bundle for regenerateunicodeproperties should not throw
# regeneratorruntime › Executing bundle for regeneratorruntime should not throw
ok 972 - regeneratorruntime › Executing bundle for regeneratorruntime should not throw
# regeneratortransform › Executing bundle for regeneratortransform should not throw
not ok 973 - regeneratortransform › Executing bundle for regeneratortransform should not throw
  * undefined
  ---
    name: AssertionError
    message: Test failed via `t.fail()`
    assertion: fail
    at: 'file://test/regeneratortransform.js:10:14'
  ...
# regexnot › Executing bundle for regexnot should not throw
ok 974 - regexnot › Executing bundle for regexnot should not throw
# regexpclone › Executing bundle for regexpclone should not throw
ok 975 - regexpclone › Executing bundle for regexpclone should not throw
# regexpp › Executing bundle for regexpp should not throw
ok 976 - regexpp › Executing bundle for regexpp should not throw
# regexpprototypeflags › Executing bundle for regexpprototypeflags should not throw
ok 977 - regexpprototypeflags › Executing bundle for regexpprototypeflags should not throw
# regexpucore › Executing bundle for regexpucore should not throw
ok 978 - regexpucore › Executing bundle for regexpucore should not throw
# regextras › Executing bundle for regextras should not throw
not ok 979 - regextras › Executing bundle for regextras should not throw
  * undefined
  ---
    name: AssertionError
    message: Test failed via `t.fail()`
    assertion: fail
    at: 'file://test/regextras.js:10:14'
  ...
# registryauthtoken › Executing bundle for registryauthtoken should not throw
ok 980 - registryauthtoken › Executing bundle for registryauthtoken should not throw
# registryurl › Executing bundle for registryurl should not throw
ok 981 - registryurl › Executing bundle for registryurl should not throw
# regjsgen › Executing bundle for regjsgen should not throw
ok 982 - regjsgen › Executing bundle for regjsgen should not throw
# regjsparser › Executing bundle for regjsparser should not throw
ok 983 - regjsparser › Executing bundle for regjsparser should not throw
# relateurl › Executing bundle for relateurl should not throw
ok 984 - relateurl › Executing bundle for relateurl should not throw
# removebombuffer › Executing bundle for removebombuffer should not throw
ok 985 - removebombuffer › Executing bundle for removebombuffer should not throw
# removebomstream › Executing bundle for removebomstream should not throw
not ok 986 - removebomstream › Executing bundle for removebomstream should not throw
  * undefined
  ---
    name: AssertionError
    message: Test failed via `t.fail()`
    assertion: fail
    at: 'file://test/removebomstream.js:10:14'
  ...
# removetrailingseparator › Executing bundle for removetrailingseparator should not throw
ok 987 - removetrailingseparator › Executing bundle for removetrailingseparator should not throw
# renderkid › Executing bundle for renderkid should not throw
not ok 988 - renderkid › Executing bundle for renderkid should not throw
  * undefined
  ---
    name: AssertionError
    message: Test failed via `t.fail()`
    assertion: fail
    at: 'file://test/renderkid.js:10:14'
  ...
# repeatelement › Executing bundle for repeatelement should not throw
ok 989 - repeatelement › Executing bundle for repeatelement should not throw
# repeating › Executing bundle for repeating should not throw
ok 990 - repeating › Executing bundle for repeating should not throw
# repeatstring › Executing bundle for repeatstring should not throw
ok 991 - repeatstring › Executing bundle for repeatstring should not throw
# replaceext › Executing bundle for replaceext should not throw
ok 992 - replaceext › Executing bundle for replaceext should not throw
# replacehomedir › Executing bundle for replacehomedir should not throw
ok 993 - replacehomedir › Executing bundle for replacehomedir should not throw
# request › Executing bundle for request should not throw
not ok 994 - request › Executing bundle for request should not throw
  * undefined
  ---
    name: AssertionError
    message: Test failed via `t.fail()`
    assertion: fail
    at: 'file://test/request.js:10:14'
  ...
# requestpromise › Executing bundle for requestpromise should not throw
not ok 995 - requestpromise › Executing bundle for requestpromise should not throw
  * undefined
  ---
    name: AssertionError
    message: Test failed via `t.fail()`
    assertion: fail
    at: 'file://test/requestpromise.js:10:14'
  ...
# requestpromisecore › Executing bundle for requestpromisecore should not throw
ok 996 - requestpromisecore › Executing bundle for requestpromisecore should not throw
# requestpromisenative › Executing bundle for requestpromisenative should not throw
not ok 997 - requestpromisenative › Executing bundle for requestpromisenative should not throw
  * undefined
  ---
    name: AssertionError
    message: Test failed via `t.fail()`
    assertion: fail
    at: 'file://test/requestpromisenative.js:10:14'
  ...
# requiredirectory › Executing bundle for requiredirectory should not throw
ok 998 - requiredirectory › Executing bundle for requiredirectory should not throw
# requiremainfilename › Executing bundle for requiremainfilename should not throw
ok 999 - requiremainfilename › Executing bundle for requiremainfilename should not throw
# requireoptional › Executing bundle for requireoptional should not throw
ok 1000 - requireoptional › Executing bundle for requireoptional should not throw
# requiresport › Executing bundle for requiresport should not throw
ok 1001 - requiresport › Executing bundle for requiresport should not throw
# resolve › Executing bundle for resolve should not throw
ok 1002 - resolve › Executing bundle for resolve should not throw
# resolvecwd › Executing bundle for resolvecwd should not throw
ok 1003 - resolvecwd › Executing bundle for resolvecwd should not throw
# resolvedir › Executing bundle for resolvedir should not throw
ok 1004 - resolvedir › Executing bundle for resolvedir should not throw
# resolvefrom › Executing bundle for resolvefrom should not throw
ok 1005 - resolvefrom › Executing bundle for resolvefrom should not throw
# resolveoptions › Executing bundle for resolveoptions should not throw
ok 1006 - resolveoptions › Executing bundle for resolveoptions should not throw
# resolvepathname › Executing bundle for resolvepathname should not throw
ok 1007 - resolvepathname › Executing bundle for resolvepathname should not throw
# resolveurl › Executing bundle for resolveurl should not throw
ok 1008 - resolveurl › Executing bundle for resolveurl should not throw
# responselike › Executing bundle for responselike should not throw
ok 1009 - responselike › Executing bundle for responselike should not throw
# restorecursor › Executing bundle for restorecursor should not throw
ok 1010 - restorecursor › Executing bundle for restorecursor should not throw
# ret › Executing bundle for ret should not throw
ok 1011 - ret › Executing bundle for ret should not throw
# retry › Executing bundle for retry should not throw
ok 1012 - retry › Executing bundle for retry should not throw
# reusify › Executing bundle for reusify should not throw
ok 1013 - reusify › Executing bundle for reusify should not throw
# rimraf › Executing bundle for rimraf should not throw
ok 1014 - rimraf › Executing bundle for rimraf should not throw
# ripemd › Executing bundle for ripemd should not throw
not ok 1015 - ripemd › Executing bundle for ripemd should not throw
  * undefined
  ---
    name: AssertionError
    message: Test failed via `t.fail()`
    assertion: fail
    at: 'file://test/ripemd.js:10:14'
  ...
# rollup › Executing bundle for rollup should not throw
ok 1016 - rollup › Executing bundle for rollup should not throw
# rsvp › Executing bundle for rsvp should not throw
ok 1017 - rsvp › Executing bundle for rsvp should not throw
# runasync › Executing bundle for runasync should not throw
ok 1018 - runasync › Executing bundle for runasync should not throw
# runparallel › Executing bundle for runparallel should not throw
ok 1019 - runparallel › Executing bundle for runparallel should not throw
# runqueue › Executing bundle for runqueue should not throw
ok 1020 - runqueue › Executing bundle for runqueue should not throw
# rxjs › Executing bundle for rxjs should not throw
ok 1021 - rxjs › Executing bundle for rxjs should not throw
# safebuffer › Executing bundle for safebuffer should not throw
ok 1022 - safebuffer › Executing bundle for safebuffer should not throw
# saferbuffer › Executing bundle for saferbuffer should not throw
ok 1023 - saferbuffer › Executing bundle for saferbuffer should not throw
# saferegex › Executing bundle for saferegex should not throw
ok 1024 - saferegex › Executing bundle for saferegex should not throw
# sane › Executing bundle for sane should not throw
ok 1025 - sane › Executing bundle for sane should not throw
# saslprep › Executing bundle for saslprep should not throw
not ok 1026 - saslprep › Executing bundle for saslprep should not throw
  * undefined
  ---
    name: AssertionError
    message: Test failed via `t.fail()`
    assertion: fail
    at: 'file://test/saslprep.js:10:14'
  ...
# sassgraph › Executing bundle for sassgraph should not throw
not ok 1027 - sassgraph › Executing bundle for sassgraph should not throw
  * undefined
  ---
    name: AssertionError
    message: Test failed via `t.fail()`
    assertion: fail
    at: 'file://test/sassgraph.js:10:14'
  ...
# sassloader › Executing bundle for sassloader should not throw
ok 1028 - sassloader › Executing bundle for sassloader should not throw
# sax › Executing bundle for sax should not throw
ok 1029 - sax › Executing bundle for sax should not throw
# saxes › Executing bundle for saxes should not throw
ok 1030 - saxes › Executing bundle for saxes should not throw
# scheduler › Executing bundle for scheduler should not throw
ok 1031 - scheduler › Executing bundle for scheduler should not throw
# schemautils › Executing bundle for schemautils should not throw
ok 1032 - schemautils › Executing bundle for schemautils should not throw
# scopedregex › Executing bundle for scopedregex should not throw
ok 1033 - scopedregex › Executing bundle for scopedregex should not throw
# scsstokenizer › Executing bundle for scsstokenizer should not throw
not ok 1034 - scsstokenizer › Executing bundle for scsstokenizer should not throw
  * undefined
  ---
    name: AssertionError
    message: Test failed via `t.fail()`
    assertion: fail
    at: 'file://test/scsstokenizer.js:10:14'
  ...
# selecthose › Executing bundle for selecthose should not throw
ok 1035 - selecthose › Executing bundle for selecthose should not throw
# selfsigned › Executing bundle for selfsigned should not throw
ok 1036 - selfsigned › Executing bundle for selfsigned should not throw
# semver › Executing bundle for semver should not throw
ok 1037 - semver › Executing bundle for semver should not throw
# semverdiff › Executing bundle for semverdiff should not throw
ok 1038 - semverdiff › Executing bundle for semverdiff should not throw
# send › Executing bundle for send should not throw
ok 1039 - send › Executing bundle for send should not throw
# serializeerror › Executing bundle for serializeerror should not throw
ok 1040 - serializeerror › Executing bundle for serializeerror should not throw
# serializejavascript › Executing bundle for serializejavascript should not throw
ok 1041 - serializejavascript › Executing bundle for serializejavascript should not throw
# serveindex › Executing bundle for serveindex should not throw
not ok 1042 - serveindex › Executing bundle for serveindex should not throw
  * undefined
  ---
    name: AssertionError
    message: Test failed via `t.fail()`
    assertion: fail
    at: 'file://test/serveindex.js:10:14'
  ...
# servestatic › Executing bundle for servestatic should not throw
ok 1043 - servestatic › Executing bundle for servestatic should not throw
# setblocking › Executing bundle for setblocking should not throw
ok 1044 - setblocking › Executing bundle for setblocking should not throw
# setgetter › Executing bundle for setgetter should not throw
ok 1045 - setgetter › Executing bundle for setgetter should not throw
# setimmediate › Executing bundle for setimmediate should not throw
ok 1046 - setimmediate › Executing bundle for setimmediate should not throw
# setprototypeof › Executing bundle for setprototypeof should not throw
ok 1047 - setprototypeof › Executing bundle for setprototypeof should not throw
# setvalue › Executing bundle for setvalue should not throw
ok 1048 - setvalue › Executing bundle for setvalue should not throw
# shajs › Executing bundle for shajs should not throw
ok 1049 - shajs › Executing bundle for shajs should not throw
# shallowclone › Executing bundle for shallowclone should not throw
ok 1050 - shallowclone › Executing bundle for shallowclone should not throw
# shallowequal › Executing bundle for shallowequal should not throw
ok 1051 - shallowequal › Executing bundle for shallowequal should not throw
# shebangcommand › Executing bundle for shebangcommand should not throw
ok 1052 - shebangcommand › Executing bundle for shebangcommand should not throw
# shebangregex › Executing bundle for shebangregex should not throw
ok 1053 - shebangregex › Executing bundle for shebangregex should not throw
# shelljs › Executing bundle for shelljs should not throw
not ok 1054 - shelljs › Executing bundle for shelljs should not throw
  * undefined
  ---
    name: AssertionError
    message: Test failed via `t.fail()`
    assertion: fail
    at: 'file://test/shelljs.js:10:14'
  ...
# shellwords › Executing bundle for shellwords should not throw
ok 1055 - shellwords › Executing bundle for shellwords should not throw
# sidechannel › Executing bundle for sidechannel should not throw
ok 1056 - sidechannel › Executing bundle for sidechannel should not throw
# sift › Executing bundle for sift should not throw
ok 1057 - sift › Executing bundle for sift should not throw
# signalexit › Executing bundle for signalexit should not throw
ok 1058 - signalexit › Executing bundle for signalexit should not throw
# simpleswizzle › Executing bundle for simpleswizzle should not throw
ok 1059 - simpleswizzle › Executing bundle for simpleswizzle should not throw
# sisteransi › Executing bundle for sisteransi should not throw
ok 1060 - sisteransi › Executing bundle for sisteransi should not throw
# slash › Executing bundle for slash should not throw
ok 1061 - slash › Executing bundle for slash should not throw
# sliceansi › Executing bundle for sliceansi should not throw
ok 1062 - sliceansi › Executing bundle for sliceansi should not throw
# sliced › Executing bundle for sliced should not throw
ok 1063 - sliced › Executing bundle for sliced should not throw
# snapdragon › Executing bundle for snapdragon should not throw
ok 1064 - snapdragon › Executing bundle for snapdragon should not throw
# snapdragonnode › Executing bundle for snapdragonnode should not throw
ok 1065 - snapdragonnode › Executing bundle for snapdragonnode should not throw
# snapdragonutil › Executing bundle for snapdragonutil should not throw
ok 1066 - snapdragonutil › Executing bundle for snapdragonutil should not throw
# socketio › Executing bundle for socketio should not throw
not ok 1067 - socketio › Executing bundle for socketio should not throw
  * undefined
  ---
    name: AssertionError
    message: Test failed via `t.fail()`
    assertion: fail
    at: 'file://test/socketio.js:10:14'
  ...
# socketioadapter › Executing bundle for socketioadapter should not throw
ok 1068 - socketioadapter › Executing bundle for socketioadapter should not throw
# socketioclient › Executing bundle for socketioclient should not throw
not ok 1069 - socketioclient › Executing bundle for socketioclient should not throw
  * undefined
  ---
    name: AssertionError
    message: Test failed via `t.fail()`
    assertion: fail
    at: 'file://test/socketioclient.js:10:14'
  ...
# socketioparser › Executing bundle for socketioparser should not throw
ok 1070 - socketioparser › Executing bundle for socketioparser should not throw
# sockjs › Executing bundle for sockjs should not throw
ok 1071 - sockjs › Executing bundle for sockjs should not throw
# sockjsclient › Executing bundle for sockjsclient should not throw
ok 1072 - sockjsclient › Executing bundle for sockjsclient should not throw
# sourcelistmap › Executing bundle for sourcelistmap should not throw
ok 1073 - sourcelistmap › Executing bundle for sourcelistmap should not throw
# sourcemap › Executing bundle for sourcemap should not throw
ok 1074 - sourcemap › Executing bundle for sourcemap should not throw
# sourcemapcodec › Executing bundle for sourcemapcodec should not throw
ok 1075 - sourcemapcodec › Executing bundle for sourcemapcodec should not throw
# sourcemapresolve › Executing bundle for sourcemapresolve should not throw
ok 1076 - sourcemapresolve › Executing bundle for sourcemapresolve should not throw
# sourcemapsupport › Executing bundle for sourcemapsupport should not throw
ok 1077 - sourcemapsupport › Executing bundle for sourcemapsupport should not throw
# sourcemapurl › Executing bundle for sourcemapurl should not throw
ok 1078 - sourcemapurl › Executing bundle for sourcemapurl should not throw
# sparkles › Executing bundle for sparkles should not throw
ok 1079 - sparkles › Executing bundle for sparkles should not throw
# sparsebitfield › Executing bundle for sparsebitfield should not throw
ok 1080 - sparsebitfield › Executing bundle for sparsebitfield should not throw
# spdxcorrect › Executing bundle for spdxcorrect should not throw
ok 1081 - spdxcorrect › Executing bundle for spdxcorrect should not throw
# spdxexceptions › Executing bundle for spdxexceptions should not throw
ok 1082 - spdxexceptions › Executing bundle for spdxexceptions should not throw
# spdxexpressionparse › Executing bundle for spdxexpressionparse should not throw
ok 1083 - spdxexpressionparse › Executing bundle for spdxexpressionparse should not throw
# spdxlicenseids › Executing bundle for spdxlicenseids should not throw
ok 1084 - spdxlicenseids › Executing bundle for spdxlicenseids should not throw
# spdy › Executing bundle for spdy should not throw
not ok 1085 - spdy › Executing bundle for spdy should not throw
  * undefined
  ---
    name: AssertionError
    message: Test failed via `t.fail()`
    assertion: fail
    at: 'file://test/spdy.js:10:14'
  ...
# spdytransport › Executing bundle for spdytransport should not throw
not ok 1086 - spdytransport › Executing bundle for spdytransport should not throw
  * undefined
  ---
    name: AssertionError
    message: Test failed via `t.fail()`
    assertion: fail
    at: 'file://test/spdytransport.js:10:14'
  ...
# splitstring › Executing bundle for splitstring should not throw
ok 1087 - splitstring › Executing bundle for splitstring should not throw
# sprintfjs › Executing bundle for sprintfjs should not throw
ok 1088 - sprintfjs › Executing bundle for sprintfjs should not throw
# sshpk › Executing bundle for sshpk should not throw
not ok 1089 - sshpk › Executing bundle for sshpk should not throw
  * undefined
  ---
    name: AssertionError
    message: Test failed via `t.fail()`
    assertion: fail
    at: 'file://test/sshpk.js:10:14'
  ...
# ssri › Executing bundle for ssri should not throw
ok 1090 - ssri › Executing bundle for ssri should not throw
# stacktrace › Executing bundle for stacktrace should not throw
ok 1091 - stacktrace › Executing bundle for stacktrace should not throw
# stackutils › Executing bundle for stackutils should not throw
ok 1092 - stackutils › Executing bundle for stackutils should not throw
# staticextend › Executing bundle for staticextend should not throw
ok 1093 - staticextend › Executing bundle for staticextend should not throw
# statuses › Executing bundle for statuses should not throw
ok 1094 - statuses › Executing bundle for statuses should not throw
# stdoutstream › Executing bundle for stdoutstream should not throw
not ok 1095 - stdoutstream › Executing bundle for stdoutstream should not throw
  * undefined
  ---
    name: AssertionError
    message: Test failed via `t.fail()`
    assertion: fail
    at: 'file://test/stdoutstream.js:10:14'
  ...
# stealthyrequire › Executing bundle for stealthyrequire should not throw
ok 1096 - stealthyrequire › Executing bundle for stealthyrequire should not throw
# streambrowserify › Executing bundle for streambrowserify should not throw
not ok 1097 - streambrowserify › Executing bundle for streambrowserify should not throw
  * undefined
  ---
    name: AssertionError
    message: Test failed via `t.fail()`
    assertion: fail
    at: 'file://test/streambrowserify.js:10:14'
  ...
# streameach › Executing bundle for streameach should not throw
ok 1098 - streameach › Executing bundle for streameach should not throw
# streamexhaust › Executing bundle for streamexhaust should not throw
ok 1099 - streamexhaust › Executing bundle for streamexhaust should not throw
# streamhttp › Executing bundle for streamhttp should not throw
not ok 1100 - streamhttp › Executing bundle for streamhttp should not throw
  * undefined
  ---
    name: AssertionError
    message: Test failed via `t.fail()`
    assertion: fail
    at: 'file://test/streamhttp.js:10:14'
  ...
# streamshift › Executing bundle for streamshift should not throw
ok 1101 - streamshift › Executing bundle for streamshift should not throw
# stringdecoder › Executing bundle for stringdecoder should not throw
ok 1102 - stringdecoder › Executing bundle for stringdecoder should not throw
# stringlength › Executing bundle for stringlength should not throw
ok 1103 - stringlength › Executing bundle for stringlength should not throw
# stringprototypematchall › Executing bundle for stringprototypematchall should not throw
ok 1104 - stringprototypematchall › Executing bundle for stringprototypematchall should not throw
# stringprototypetrimend › Executing bundle for stringprototypetrimend should not throw
ok 1105 - stringprototypetrimend › Executing bundle for stringprototypetrimend should not throw
# stringprototypetrimstart › Executing bundle for stringprototypetrimstart should not throw
ok 1106 - stringprototypetrimstart › Executing bundle for stringprototypetrimstart should not throw
# stringtemplate › Executing bundle for stringtemplate should not throw
ok 1107 - stringtemplate › Executing bundle for stringtemplate should not throw
# stringwidth › Executing bundle for stringwidth should not throw
ok 1108 - stringwidth › Executing bundle for stringwidth should not throw
# stripansi › Executing bundle for stripansi should not throw
ok 1109 - stripansi › Executing bundle for stripansi should not throw
# stripbom › Executing bundle for stripbom should not throw
ok 1110 - stripbom › Executing bundle for stripbom should not throw
# stripbombuf › Executing bundle for stripbombuf should not throw
ok 1111 - stripbombuf › Executing bundle for stripbombuf should not throw
# stripbomstream › Executing bundle for stripbomstream should not throw
not ok 1112 - stripbomstream › Executing bundle for stripbomstream should not throw
  * undefined
  ---
    name: AssertionError
    message: Test failed via `t.fail()`
    assertion: fail
    at: 'file://test/stripbomstream.js:10:14'
  ...
# stripeof › Executing bundle for stripeof should not throw
ok 1113 - stripeof › Executing bundle for stripeof should not throw
# stripfinalnewline › Executing bundle for stripfinalnewline should not throw
ok 1114 - stripfinalnewline › Executing bundle for stripfinalnewline should not throw
# stripindent › Executing bundle for stripindent should not throw
ok 1115 - stripindent › Executing bundle for stripindent should not throw
# stripjsoncomments › Executing bundle for stripjsoncomments should not throw
ok 1116 - stripjsoncomments › Executing bundle for stripjsoncomments should not throw
# styledcomponents › Executing bundle for styledcomponents should not throw
ok 1117 - styledcomponents › Executing bundle for styledcomponents should not throw
# styleloader › Executing bundle for styleloader should not throw
ok 1118 - styleloader › Executing bundle for styleloader should not throw
# superagent › Executing bundle for superagent should not throw
ok 1119 - superagent › Executing bundle for superagent should not throw
# supertap › Executing bundle for supertap should not throw
ok 1120 - supertap › Executing bundle for supertap should not throw
# supportscolor › Executing bundle for supportscolor should not throw
ok 1121 - supportscolor › Executing bundle for supportscolor should not throw
# supportshyperlinks › Executing bundle for supportshyperlinks should not throw
ok 1122 - supportshyperlinks › Executing bundle for supportshyperlinks should not throw
# symbolobservable › Executing bundle for symbolobservable should not throw
ok 1123 - symbolobservable › Executing bundle for symbolobservable should not throw
# symboltree › Executing bundle for symboltree should not throw
ok 1124 - symboltree › Executing bundle for symboltree should not throw
# table › Executing bundle for table should not throw
ok 1125 - table › Executing bundle for table should not throw
# tapable › Executing bundle for tapable should not throw
ok 1126 - tapable › Executing bundle for tapable should not throw
# tempdir › Executing bundle for tempdir should not throw
ok 1127 - tempdir › Executing bundle for tempdir should not throw
# terminallink › Executing bundle for terminallink should not throw
ok 1128 - terminallink › Executing bundle for terminallink should not throw
# termsize › Executing bundle for termsize should not throw
ok 1129 - termsize › Executing bundle for termsize should not throw
# terser › Executing bundle for terser should not throw
ok 1130 - terser › Executing bundle for terser should not throw
# terserwebpackplugin › Executing bundle for terserwebpackplugin should not throw
not ok 1131 - terserwebpackplugin › Executing bundle for terserwebpackplugin should not throw
  * undefined
  ---
    name: AssertionError
    message: Test failed via `t.fail()`
    assertion: fail
    at: 'file://test/terserwebpackplugin.js:10:14'
  ...
# testexclude › Executing bundle for testexclude should not throw
ok 1132 - testexclude › Executing bundle for testexclude should not throw
# textextensions › Executing bundle for textextensions should not throw
ok 1133 - textextensions › Executing bundle for textextensions should not throw
# texthex › Executing bundle for texthex should not throw
ok 1134 - texthex › Executing bundle for texthex should not throw
# texttable › Executing bundle for texttable should not throw
ok 1135 - texttable › Executing bundle for texttable should not throw
# throat › Executing bundle for throat should not throw
ok 1136 - throat › Executing bundle for throat should not throw
# through › Executing bundle for through should not throw
not ok 1137 - through › Executing bundle for through should not throw
  * undefined
  ---
    name: AssertionError
    message: Test failed via `t.fail()`
    assertion: fail
    at: 'file://test/through.js:10:14'
  ...
# throughfilter › Executing bundle for throughfilter should not throw
not ok 1138 - throughfilter › Executing bundle for throughfilter should not throw
  * undefined
  ---
    name: AssertionError
    message: Test failed via `t.fail()`
    assertion: fail
    at: 'file://test/throughfilter.js:10:14'
  ...
# thunky › Executing bundle for thunky should not throw
ok 1139 - thunky › Executing bundle for thunky should not throw
# timedout › Executing bundle for timedout should not throw
ok 1140 - timedout › Executing bundle for timedout should not throw
# timersbrowserify › Executing bundle for timersbrowserify should not throw
ok 1141 - timersbrowserify › Executing bundle for timersbrowserify should not throw
# timestamp › Executing bundle for timestamp should not throw
ok 1142 - timestamp › Executing bundle for timestamp should not throw
# timezone › Executing bundle for timezone should not throw
ok 1143 - timezone › Executing bundle for timezone should not throw
# tinyinvariant › Executing bundle for tinyinvariant should not throw
ok 1144 - tinyinvariant › Executing bundle for tinyinvariant should not throw
# tinywarning › Executing bundle for tinywarning should not throw
ok 1145 - tinywarning › Executing bundle for tinywarning should not throw
# tmp › Executing bundle for tmp should not throw
ok 1146 - tmp › Executing bundle for tmp should not throw
# tmpl › Executing bundle for tmpl should not throw
ok 1147 - tmpl › Executing bundle for tmpl should not throw
# toabsoluteglob › Executing bundle for toabsoluteglob should not throw
ok 1148 - toabsoluteglob › Executing bundle for toabsoluteglob should not throw
# toarray › Executing bundle for toarray should not throw
ok 1149 - toarray › Executing bundle for toarray should not throw
# toarraybuffer › Executing bundle for toarraybuffer should not throw
ok 1150 - toarraybuffer › Executing bundle for toarraybuffer should not throw
# tofastproperties › Executing bundle for tofastproperties should not throw
ok 1151 - tofastproperties › Executing bundle for tofastproperties should not throw
# toidentifier › Executing bundle for toidentifier should not throw
ok 1152 - toidentifier › Executing bundle for toidentifier should not throw
# toobjectpath › Executing bundle for toobjectpath should not throw
ok 1153 - toobjectpath › Executing bundle for toobjectpath should not throw
# toreadablestream › Executing bundle for toreadablestream should not throw
ok 1154 - toreadablestream › Executing bundle for toreadablestream should not throw
# toregex › Executing bundle for toregex should not throw
ok 1155 - toregex › Executing bundle for toregex should not throw
# toregexrange › Executing bundle for toregexrange should not throw
ok 1156 - toregexrange › Executing bundle for toregexrange should not throw
# tothrough › Executing bundle for tothrough should not throw
not ok 1157 - tothrough › Executing bundle for tothrough should not throw
  * undefined
  ---
    name: AssertionError
    message: Test failed via `t.fail()`
    assertion: fail
    at: 'file://test/tothrough.js:10:14'
  ...
# toughcookie › Executing bundle for toughcookie should not throw
ok 1158 - toughcookie › Executing bundle for toughcookie should not throw
# tr › Executing bundle for tr should not throw
ok 1159 - tr › Executing bundle for tr should not throw
# trimnewlines › Executing bundle for trimnewlines should not throw
ok 1160 - trimnewlines › Executing bundle for trimnewlines should not throw
# trimoffnewlines › Executing bundle for trimoffnewlines should not throw
ok 1161 - trimoffnewlines › Executing bundle for trimoffnewlines should not throw
# trimright › Executing bundle for trimright should not throw
ok 1162 - trimright › Executing bundle for trimright should not throw
# triplebeam › Executing bundle for triplebeam should not throw
ok 1163 - triplebeam › Executing bundle for triplebeam should not throw
# truecasepath › Executing bundle for truecasepath should not throw
ok 1164 - truecasepath › Executing bundle for truecasepath should not throw
# tsconfigpaths › Executing bundle for tsconfigpaths should not throw
ok 1165 - tsconfigpaths › Executing bundle for tsconfigpaths should not throw
# tslib › Executing bundle for tslib should not throw
ok 1166 - tslib › Executing bundle for tslib should not throw
# ttybrowserify › Executing bundle for ttybrowserify should not throw
ok 1167 - ttybrowserify › Executing bundle for ttybrowserify should not throw
# tunnelagent › Executing bundle for tunnelagent should not throw
ok 1168 - tunnelagent › Executing bundle for tunnelagent should not throw
# tweetnacl › Executing bundle for tweetnacl should not throw
ok 1169 - tweetnacl › Executing bundle for tweetnacl should not throw
# type › Executing bundle for type should not throw
not ok 1170 - type › Executing bundle for type should not throw
  * undefined
  ---
    name: AssertionError
    message: Test failed via `t.fail()`
    assertion: fail
    at: 'file://test/type.js:10:14'
  ...
# typecheck › Executing bundle for typecheck should not throw
ok 1171 - typecheck › Executing bundle for typecheck should not throw
# typedarray › Executing bundle for typedarray should not throw
ok 1172 - typedarray › Executing bundle for typedarray should not throw
# typedarraytobuffer › Executing bundle for typedarraytobuffer should not throw
ok 1173 - typedarraytobuffer › Executing bundle for typedarraytobuffer should not throw
# typedetect › Executing bundle for typedetect should not throw
ok 1174 - typedetect › Executing bundle for typedetect should not throw
# typefest › Executing bundle for typefest should not throw
not ok 1175 - typefest › Executing bundle for typefest should not throw
  * undefined
  ---
    name: AssertionError
    message: Test failed via `t.fail()`
    assertion: fail
    at: 'file://test/typefest.js:10:14'
  ...
# typeis › Executing bundle for typeis should not throw
ok 1176 - typeis › Executing bundle for typeis should not throw
# typescript › Executing bundle for typescript should not throw
not ok 1177 - typescript › Executing bundle for typescript should not throw
  * undefined
  ---
    name: AssertionError
    message: Test failed via `t.fail()`
    assertion: fail
    at: 'file://test/typescript.js:10:14'
  ...
# uglifyjs › Executing bundle for uglifyjs should not throw
not ok 1178 - uglifyjs › Executing bundle for uglifyjs should not throw
  * undefined
  ---
    name: AssertionError
    message: Test failed via `t.fail()`
    assertion: fail
    at: 'file://test/uglifyjs.js:10:14'
  ...
# uncpathregex › Executing bundle for uncpathregex should not throw
ok 1179 - uncpathregex › Executing bundle for uncpathregex should not throw
# underscore › Executing bundle for underscore should not throw
ok 1180 - underscore › Executing bundle for underscore should not throw
# undertakerregistry › Executing bundle for undertakerregistry should not throw
ok 1181 - undertakerregistry › Executing bundle for undertakerregistry should not throw
# unicodecanonicalpropertynamesecmascript › Executing bundle for unicodecanonicalpropertynamesecmascript should not throw
ok 1182 - unicodecanonicalpropertynamesecmascript › Executing bundle for unicodecanonicalpropertynamesecmascript should not throw
# unicodematchpropertyecmascript › Executing bundle for unicodematchpropertyecmascript should not throw
ok 1183 - unicodematchpropertyecmascript › Executing bundle for unicodematchpropertyecmascript should not throw
# unicodematchpropertyvalueecmascript › Executing bundle for unicodematchpropertyvalueecmascript should not throw
ok 1184 - unicodematchpropertyvalueecmascript › Executing bundle for unicodematchpropertyvalueecmascript should not throw
# unicodepropertyaliasesecmascript › Executing bundle for unicodepropertyaliasesecmascript should not throw
ok 1185 - unicodepropertyaliasesecmascript › Executing bundle for unicodepropertyaliasesecmascript should not throw
# unionvalue › Executing bundle for unionvalue should not throw
ok 1186 - unionvalue › Executing bundle for unionvalue should not throw
# uniq › Executing bundle for uniq should not throw
ok 1187 - uniq › Executing bundle for uniq should not throw
# uniquefilename › Executing bundle for uniquefilename should not throw
ok 1188 - uniquefilename › Executing bundle for uniquefilename should not throw
# uniqueslug › Executing bundle for uniqueslug should not throw
ok 1189 - uniqueslug › Executing bundle for uniqueslug should not throw
# uniquestream › Executing bundle for uniquestream should not throw
not ok 1190 - uniquestream › Executing bundle for uniquestream should not throw
  * undefined
  ---
    name: AssertionError
    message: Test failed via `t.fail()`
    assertion: fail
    at: 'file://test/uniquestream.js:10:14'
  ...
# uniquestring › Executing bundle for uniquestring should not throw
ok 1191 - uniquestring › Executing bundle for uniquestring should not throw
# universalify › Executing bundle for universalify should not throw
ok 1192 - universalify › Executing bundle for universalify should not throw
# unpipe › Executing bundle for unpipe should not throw
ok 1193 - unpipe › Executing bundle for unpipe should not throw
# unsetvalue › Executing bundle for unsetvalue should not throw
ok 1194 - unsetvalue › Executing bundle for unsetvalue should not throw
# untildify › Executing bundle for untildify should not throw
ok 1195 - untildify › Executing bundle for untildify should not throw
# unzipresponse › Executing bundle for unzipresponse should not throw
ok 1196 - unzipresponse › Executing bundle for unzipresponse should not throw
# upath › Executing bundle for upath should not throw
ok 1197 - upath › Executing bundle for upath should not throw
# updatenotifier › Executing bundle for updatenotifier should not throw
ok 1198 - updatenotifier › Executing bundle for updatenotifier should not throw
# urijs › Executing bundle for urijs should not throw
ok 1199 - urijs › Executing bundle for urijs should not throw
# urix › Executing bundle for urix should not throw
ok 1200 - urix › Executing bundle for urix should not throw
# url › Executing bundle for url should not throw
ok 1201 - url › Executing bundle for url should not throw
# urlloader › Executing bundle for urlloader should not throw
ok 1202 - urlloader › Executing bundle for urlloader should not throw
# urlparse › Executing bundle for urlparse should not throw
ok 1203 - urlparse › Executing bundle for urlparse should not throw
# urlparselax › Executing bundle for urlparselax should not throw
ok 1204 - urlparselax › Executing bundle for urlparselax should not throw
# use › Executing bundle for use should not throw
ok 1205 - use › Executing bundle for use should not throw
# util › Executing bundle for util should not throw
ok 1206 - util › Executing bundle for util should not throw
# utila › Executing bundle for utila should not throw
ok 1207 - utila › Executing bundle for utila should not throw
# utildeprecate › Executing bundle for utildeprecate should not throw
ok 1208 - utildeprecate › Executing bundle for utildeprecate should not throw
# utilpromisify › Executing bundle for utilpromisify should not throw
ok 1209 - utilpromisify › Executing bundle for utilpromisify should not throw
# utilsmerge › Executing bundle for utilsmerge should not throw
ok 1210 - utilsmerge › Executing bundle for utilsmerge should not throw
# uuid › Executing bundle for uuid should not throw
ok 1211 - uuid › Executing bundle for uuid should not throw
# validatenpmpackagelicense › Executing bundle for validatenpmpackagelicense should not throw
ok 1212 - validatenpmpackagelicense › Executing bundle for validatenpmpackagelicense should not throw
# valueequal › Executing bundle for valueequal should not throw
ok 1213 - valueequal › Executing bundle for valueequal should not throw
# valueorfunction › Executing bundle for valueorfunction should not throw
ok 1214 - valueorfunction › Executing bundle for valueorfunction should not throw
# vary › Executing bundle for vary should not throw
ok 1215 - vary › Executing bundle for vary should not throw
# vcompilecache › Executing bundle for vcompilecache should not throw
not ok 1216 - vcompilecache › Executing bundle for vcompilecache should not throw
  * undefined
  ---
    name: AssertionError
    message: Test failed via `t.fail()`
    assertion: fail
    at: 'file://test/vcompilecache.js:10:14'
  ...
# verror › Executing bundle for verror should not throw
ok 1217 - verror › Executing bundle for verror should not throw
# vflags › Executing bundle for vflags should not throw
ok 1218 - vflags › Executing bundle for vflags should not throw
# vinyl › Executing bundle for vinyl should not throw
not ok 1219 - vinyl › Executing bundle for vinyl should not throw
  * undefined
  ---
    name: AssertionError
    message: Test failed via `t.fail()`
    assertion: fail
    at: 'file://test/vinyl.js:10:14'
  ...
# vinylfile › Executing bundle for vinylfile should not throw
not ok 1220 - vinylfile › Executing bundle for vinylfile should not throw
  * undefined
  ---
    name: AssertionError
    message: Test failed via `t.fail()`
    assertion: fail
    at: 'file://test/vinylfile.js:10:14'
  ...
# vinylfs › Executing bundle for vinylfs should not throw
not ok 1221 - vinylfs › Executing bundle for vinylfs should not throw
  * undefined
  ---
    name: AssertionError
    message: Test failed via `t.fail()`
    assertion: fail
    at: 'file://test/vinylfs.js:10:14'
  ...
# vinylsourcemap › Executing bundle for vinylsourcemap should not throw
not ok 1222 - vinylsourcemap › Executing bundle for vinylsourcemap should not throw
  * undefined
  ---
    name: AssertionError
    message: Test failed via `t.fail()`
    assertion: fail
    at: 'file://test/vinylsourcemap.js:10:14'
  ...
# vmbrowserify › Executing bundle for vmbrowserify should not throw
ok 1223 - vmbrowserify › Executing bundle for vmbrowserify should not throw
# vtoistanbul › Executing bundle for vtoistanbul should not throw
ok 1224 - vtoistanbul › Executing bundle for vtoistanbul should not throw
# vue › Executing bundle for vue should not throw
ok 1225 - vue › Executing bundle for vue should not throw
# vuerouter › Executing bundle for vuerouter should not throw
ok 1226 - vuerouter › Executing bundle for vuerouter should not throw
# walker › Executing bundle for walker should not throw
ok 1227 - walker › Executing bundle for walker should not throw
# watchpack › Executing bundle for watchpack should not throw
not ok 1228 - watchpack › Executing bundle for watchpack should not throw
  * undefined
  ---
    name: AssertionError
    message: Test failed via `t.fail()`
    assertion: fail
    at: 'file://test/watchpack.js:10:14'
  ...
# watchpackchokidar › Executing bundle for watchpackchokidar should not throw
not ok 1229 - watchpackchokidar › Executing bundle for watchpackchokidar should not throw
  * undefined
  ---
    name: AssertionError
    message: Test failed via `t.fail()`
    assertion: fail
    at: 'file://test/watchpackchokidar.js:10:14'
  ...
# wbuf › Executing bundle for wbuf should not throw
ok 1230 - wbuf › Executing bundle for wbuf should not throw
# wchrtime › Executing bundle for wchrtime should not throw
ok 1231 - wchrtime › Executing bundle for wchrtime should not throw
# wcwidth › Executing bundle for wcwidth should not throw
ok 1232 - wcwidth › Executing bundle for wcwidth should not throw
# wcxmlserializer › Executing bundle for wcxmlserializer should not throw
ok 1233 - wcxmlserializer › Executing bundle for wcxmlserializer should not throw
# webidlconversions › Executing bundle for webidlconversions should not throw
ok 1234 - webidlconversions › Executing bundle for webidlconversions should not throw
# webpack › Executing bundle for webpack should not throw
not ok 1235 - webpack › Executing bundle for webpack should not throw
  * undefined
  ---
    name: AssertionError
    message: Test failed via `t.fail()`
    assertion: fail
    at: 'file://test/webpack.js:10:14'
  ...
# webpackdevmiddleware › Executing bundle for webpackdevmiddleware should not throw
not ok 1236 - webpackdevmiddleware › Executing bundle for webpackdevmiddleware should not throw
  * undefined
  ---
    name: AssertionError
    message: Test failed via `t.fail()`
    assertion: fail
    at: 'file://test/webpackdevmiddleware.js:10:14'
  ...
# webpackdevserver › Executing bundle for webpackdevserver should not throw
not ok 1237 - webpackdevserver › Executing bundle for webpackdevserver should not throw
  * undefined
  ---
    name: AssertionError
    message: Test failed via `t.fail()`
    assertion: fail
    at: 'file://test/webpackdevserver.js:10:14'
  ...
# webpacklog › Executing bundle for webpacklog should not throw
ok 1238 - webpacklog › Executing bundle for webpacklog should not throw
# webpacksources › Executing bundle for webpacksources should not throw
ok 1239 - webpacksources › Executing bundle for webpacksources should not throw
# websocketdriver › Executing bundle for websocketdriver should not throw
ok 1240 - websocketdriver › Executing bundle for websocketdriver should not throw
# websocketextensions › Executing bundle for websocketextensions should not throw
ok 1241 - websocketextensions › Executing bundle for websocketextensions should not throw
# wellknownsymbols › Executing bundle for wellknownsymbols should not throw
ok 1242 - wellknownsymbols › Executing bundle for wellknownsymbols should not throw
# whatwgencoding › Executing bundle for whatwgencoding should not throw
ok 1243 - whatwgencoding › Executing bundle for whatwgencoding should not throw
# whatwgmimetype › Executing bundle for whatwgmimetype should not throw
ok 1244 - whatwgmimetype › Executing bundle for whatwgmimetype should not throw
# whatwgurl › Executing bundle for whatwgurl should not throw
ok 1245 - whatwgurl › Executing bundle for whatwgurl should not throw
# which › Executing bundle for which should not throw
ok 1246 - which › Executing bundle for which should not throw
# whichmodule › Executing bundle for whichmodule should not throw
ok 1247 - whichmodule › Executing bundle for whichmodule should not throw
# widealign › Executing bundle for widealign should not throw
ok 1248 - widealign › Executing bundle for widealign should not throw
# widestline › Executing bundle for widestline should not throw
ok 1249 - widestline › Executing bundle for widestline should not throw
# winston › Executing bundle for winston should not throw
not ok 1250 - winston › Executing bundle for winston should not throw
  * undefined
  ---
    name: AssertionError
    message: Test failed via `t.fail()`
    assertion: fail
    at: 'file://test/winston.js:10:14'
  ...
# winstontransport › Executing bundle for winstontransport should not throw
not ok 1251 - winstontransport › Executing bundle for winstontransport should not throw
  * undefined
  ---
    name: AssertionError
    message: Test failed via `t.fail()`
    assertion: fail
    at: 'file://test/winstontransport.js:10:14'
  ...
# withopenfile › Executing bundle for withopenfile should not throw
ok 1252 - withopenfile › Executing bundle for withopenfile should not throw
# wordwrap › Executing bundle for wordwrap should not throw
ok 1253 - wordwrap › Executing bundle for wordwrap should not throw
# workerfarm › Executing bundle for workerfarm should not throw
not ok 1254 - workerfarm › Executing bundle for workerfarm should not throw
  * undefined
  ---
    name: AssertionError
    message: Test failed via `t.fail()`
    assertion: fail
    at: 'file://test/workerfarm.js:10:14'
  ...
# workerpool › Executing bundle for workerpool should not throw
not ok 1255 - workerpool › Executing bundle for workerpool should not throw
  * undefined
  ---
    name: AssertionError
    message: Test failed via `t.fail()`
    assertion: fail
    at: 'file://test/workerpool.js:10:14'
  ...
# wrapansi › Executing bundle for wrapansi should not throw
ok 1256 - wrapansi › Executing bundle for wrapansi should not throw
# wrappy › Executing bundle for wrappy should not throw
ok 1257 - wrappy › Executing bundle for wrappy should not throw
# write › Executing bundle for write should not throw
ok 1258 - write › Executing bundle for write should not throw
# writefileatomic › Executing bundle for writefileatomic should not throw
ok 1259 - writefileatomic › Executing bundle for writefileatomic should not throw
# ws › Executing bundle for ws should not throw
not ok 1260 - ws › Executing bundle for ws should not throw
  * undefined
  ---
    name: AssertionError
    message: Test failed via `t.fail()`
    assertion: fail
    at: 'file://test/ws.js:10:14'
  ...
# xdgbasedir › Executing bundle for xdgbasedir should not throw
ok 1261 - xdgbasedir › Executing bundle for xdgbasedir should not throw
# xmlbuilder › Executing bundle for xmlbuilder should not throw
not ok 1262 - xmlbuilder › Executing bundle for xmlbuilder should not throw
  * undefined
  ---
    name: AssertionError
    message: Test failed via `t.fail()`
    assertion: fail
    at: 'file://test/xmlbuilder.js:10:14'
  ...
# xmlchars › Executing bundle for xmlchars should not throw
ok 1263 - xmlchars › Executing bundle for xmlchars should not throw
# xmlhttprequestssl › Executing bundle for xmlhttprequestssl should not throw
ok 1264 - xmlhttprequestssl › Executing bundle for xmlhttprequestssl should not throw
# xmljs › Executing bundle for xmljs should not throw
not ok 1265 - xmljs › Executing bundle for xmljs should not throw
  * undefined
  ---
    name: AssertionError
    message: Test failed via `t.fail()`
    assertion: fail
    at: 'file://test/xmljs.js:10:14'
  ...
# xmlnamevalidator › Executing bundle for xmlnamevalidator should not throw
ok 1266 - xmlnamevalidator › Executing bundle for xmlnamevalidator should not throw
# xtend › Executing bundle for xtend should not throw
ok 1267 - xtend › Executing bundle for xtend should not throw
# yallist › Executing bundle for yallist should not throw
ok 1268 - yallist › Executing bundle for yallist should not throw
# yargs › Executing bundle for yargs should not throw
not ok 1269 - yargs › Executing bundle for yargs should not throw
  * undefined
  ---
    name: AssertionError
    message: Test failed via `t.fail()`
    assertion: fail
    at: 'file://test/yargs.js:10:14'
  ...
# yargsparser › Executing bundle for yargsparser should not throw
ok 1270 - yargsparser › Executing bundle for yargsparser should not throw
# yargsunparser › Executing bundle for yargsunparser should not throw
ok 1271 - yargsunparser › Executing bundle for yargsunparser should not throw
# yeast › Executing bundle for yeast should not throw
ok 1272 - yeast › Executing bundle for yeast should not throw
# yeomanenvironment › Executing bundle for yeomanenvironment should not throw
not ok 1273 - yeomanenvironment › Executing bundle for yeomanenvironment should not throw
  * undefined
  ---
    name: AssertionError
    message: Test failed via `t.fail()`
    assertion: fail
    at: 'file://test/yeomanenvironment.js:10:14'
  ...
# yeomangenerator › Executing bundle for yeomangenerator should not throw
not ok 1274 - yeomangenerator › Executing bundle for yeomangenerator should not throw
  * undefined
  ---
    name: AssertionError
    message: Test failed via `t.fail()`
    assertion: fail
    at: 'file://test/yeomangenerator.js:10:14'
  ...
# yn › Executing bundle for yn should not throw
ok 1275 - yn › Executing bundle for yn should not throw
# zonejs › Executing bundle for zonejs should not throw
ok 1276 - zonejs › Executing bundle for zonejs should not throw

1..1276
# tests 1276
# pass 1092
# fail 184

info Visit https://yarnpkg.com/en/docs/cli/run for documentation about this command.
